{"/home/travis/build/npmtest/node-npmtest-react-slick/test.js":{"path":"/home/travis/build/npmtest/node-npmtest-react-slick/test.js","s":{"1":2,"2":2,"3":2,"4":2,"5":2,"6":2,"7":2,"8":1,"9":2,"10":2,"11":1,"12":1,"13":1,"14":1,"15":2,"16":2,"17":2,"18":2,"19":1,"20":1,"21":2,"22":2,"23":2,"24":1,"25":1,"26":1,"27":1,"28":1,"29":1,"30":1,"31":1,"32":1,"33":1,"34":1,"35":1,"36":1,"37":1,"38":1,"39":2,"40":2,"41":1,"42":2,"43":2,"44":1,"45":2,"46":2,"47":1,"48":2,"49":2,"50":1,"51":1,"52":1,"53":1,"54":1},"b":{"1":[2,1,1,1],"2":[1,1,1,1],"3":[1,1],"4":[1,1],"5":[1,1],"6":[1,1],"7":[1,1],"8":[1,1],"9":[1,1],"10":[1,1,1],"11":[1,1],"12":[1,1],"13":[1,1],"14":[1,1],"15":[1,1],"16":[1,1],"17":[1,1]},"f":{"1":2,"2":2,"3":2,"4":2,"5":2,"6":1,"7":1,"8":1,"9":2,"10":2,"11":2,"12":2,"13":1},"fnMap":{"1":{"name":"(anonymous_1)","line":12,"loc":{"start":{"line":12,"column":1},"end":{"line":12,"column":13}}},"2":{"name":"(anonymous_2)","line":19,"loc":{"start":{"line":19,"column":5},"end":{"line":19,"column":17}}},"3":{"name":"(anonymous_3)","line":23,"loc":{"start":{"line":23,"column":24},"end":{"line":23,"column":36}}},"4":{"name":"(anonymous_4)","line":61,"loc":{"start":{"line":61,"column":5},"end":{"line":61,"column":17}}},"5":{"name":"(anonymous_5)","line":82,"loc":{"start":{"line":82,"column":5},"end":{"line":82,"column":17}}},"6":{"name":"(anonymous_6)","line":91,"loc":{"start":{"line":91,"column":77},"end":{"line":94,"column":10}}},"7":{"name":"(anonymous_7)","line":112,"loc":{"start":{"line":112,"column":83},"end":{"line":115,"column":10}},"skip":true},"8":{"name":"(anonymous_8)","line":123,"loc":{"start":{"line":123,"column":77},"end":{"line":126,"column":10}},"skip":true},"9":{"name":"(anonymous_9)","line":139,"loc":{"start":{"line":139,"column":12},"end":{"line":139,"column":40}},"skip":true},"10":{"name":"(anonymous_10)","line":147,"loc":{"start":{"line":147,"column":77},"end":{"line":150,"column":10}},"skip":true},"11":{"name":"(anonymous_11)","line":158,"loc":{"start":{"line":158,"column":83},"end":{"line":161,"column":10}},"skip":true},"12":{"name":"(anonymous_12)","line":169,"loc":{"start":{"line":169,"column":79},"end":{"line":172,"column":10}},"skip":true},"13":{"name":"(anonymous_13)","line":180,"loc":{"start":{"line":180,"column":75},"end":{"line":183,"column":10}},"skip":true}},"statementMap":{"1":{"start":{"line":12,"column":0},"end":{"line":195,"column":5}},"2":{"start":{"line":14,"column":4},"end":{"line":14,"column":14}},"3":{"start":{"line":19,"column":4},"end":{"line":56,"column":9}},"4":{"start":{"line":21,"column":8},"end":{"line":21,"column":19}},"5":{"start":{"line":23,"column":8},"end":{"line":35,"column":13}},"6":{"start":{"line":24,"column":12},"end":{"line":34,"column":13}},"7":{"start":{"line":25,"column":16},"end":{"line":28,"column":30}},"8":{"start":{"line":30,"column":16},"end":{"line":33,"column":27}},"9":{"start":{"line":37,"column":8},"end":{"line":39,"column":21}},"10":{"start":{"line":40,"column":8},"end":{"line":53,"column":9}},"11":{"start":{"line":43,"column":12},"end":{"line":46,"column":14}},"12":{"start":{"line":47,"column":12},"end":{"line":47,"column":18}},"13":{"start":{"line":50,"column":12},"end":{"line":51,"column":33}},"14":{"start":{"line":52,"column":12},"end":{"line":52,"column":18}},"15":{"start":{"line":55,"column":8},"end":{"line":55,"column":35}},"16":{"start":{"line":61,"column":4},"end":{"line":63,"column":9}},"17":{"start":{"line":62,"column":8},"end":{"line":62,"column":15}},"18":{"start":{"line":64,"column":4},"end":{"line":77,"column":5}},"19":{"start":{"line":70,"column":8},"end":{"line":70,"column":14}},"20":{"start":{"line":76,"column":8},"end":{"line":76,"column":14}},"21":{"start":{"line":82,"column":4},"end":{"line":84,"column":9}},"22":{"start":{"line":83,"column":8},"end":{"line":83,"column":15}},"23":{"start":{"line":85,"column":4},"end":{"line":194,"column":5}},"24":{"start":{"line":91,"column":8},"end":{"line":99,"column":10}},"25":{"start":{"line":98,"column":12},"end":{"line":98,"column":35}},"26":{"start":{"line":102,"column":8},"end":{"line":104,"column":63}},"27":{"start":{"line":105,"column":8},"end":{"line":105,"column":14}},"28":{"start":{"line":112,"column":8},"end":{"line":121,"column":10},"skip":true},"29":{"start":{"line":119,"column":12},"end":{"line":119,"column":55},"skip":true},"30":{"start":{"line":120,"column":12},"end":{"line":120,"column":48},"skip":true},"31":{"start":{"line":123,"column":8},"end":{"line":136,"column":10},"skip":true},"32":{"start":{"line":130,"column":12},"end":{"line":130,"column":76},"skip":true},"33":{"start":{"line":131,"column":12},"end":{"line":131,"column":73},"skip":true},"34":{"start":{"line":132,"column":12},"end":{"line":132,"column":74},"skip":true},"35":{"start":{"line":133,"column":12},"end":{"line":133,"column":79},"skip":true},"36":{"start":{"line":134,"column":12},"end":{"line":134,"column":25},"skip":true},"37":{"start":{"line":135,"column":12},"end":{"line":135,"column":45},"skip":true},"38":{"start":{"line":138,"column":8},"end":{"line":145,"column":14},"skip":true},"39":{"start":{"line":143,"column":16},"end":{"line":143,"column":29},"skip":true},"40":{"start":{"line":144,"column":16},"end":{"line":144,"column":55},"skip":true},"41":{"start":{"line":147,"column":8},"end":{"line":156,"column":10},"skip":true},"42":{"start":{"line":154,"column":12},"end":{"line":154,"column":25},"skip":true},"43":{"start":{"line":155,"column":12},"end":{"line":155,"column":45},"skip":true},"44":{"start":{"line":158,"column":8},"end":{"line":167,"column":10},"skip":true},"45":{"start":{"line":165,"column":12},"end":{"line":165,"column":25},"skip":true},"46":{"start":{"line":166,"column":12},"end":{"line":166,"column":48},"skip":true},"47":{"start":{"line":169,"column":8},"end":{"line":178,"column":10},"skip":true},"48":{"start":{"line":176,"column":12},"end":{"line":176,"column":25},"skip":true},"49":{"start":{"line":177,"column":12},"end":{"line":177,"column":46},"skip":true},"50":{"start":{"line":180,"column":8},"end":{"line":189,"column":10},"skip":true},"51":{"start":{"line":187,"column":12},"end":{"line":187,"column":94},"skip":true},"52":{"start":{"line":188,"column":12},"end":{"line":188,"column":48},"skip":true},"53":{"start":{"line":192,"column":8},"end":{"line":192,"column":35},"skip":true},"54":{"start":{"line":193,"column":8},"end":{"line":193,"column":14},"skip":true}},"branchMap":{"1":{"line":25,"type":"binary-expr","locations":[{"start":{"line":25,"column":23},"end":{"line":25,"column":62}},{"start":{"line":26,"column":20},"end":{"line":26,"column":70}},{"start":{"line":27,"column":20},"end":{"line":27,"column":71}},{"start":{"line":28,"column":20},"end":{"line":28,"column":29}}]},"2":{"line":30,"type":"binary-expr","locations":[{"start":{"line":30,"column":23},"end":{"line":30,"column":37}},{"start":{"line":31,"column":20},"end":{"line":31,"column":61}},{"start":{"line":32,"column":20},"end":{"line":32,"column":70}},{"start":{"line":33,"column":20},"end":{"line":33,"column":26}}]},"3":{"line":37,"type":"cond-expr","locations":[{"start":{"line":38,"column":14},"end":{"line":38,"column":20}},{"start":{"line":39,"column":14},"end":{"line":39,"column":20}}]},"4":{"line":40,"type":"switch","locations":[{"start":{"line":42,"column":8},"end":{"line":47,"column":18}},{"start":{"line":49,"column":8},"end":{"line":52,"column":18}}]},"5":{"line":44,"type":"binary-expr","locations":[{"start":{"line":44,"column":16},"end":{"line":44,"column":44}},{"start":{"line":44,"column":48},"end":{"line":44,"column":66}}]},"6":{"line":50,"type":"binary-expr","locations":[{"start":{"line":50,"column":21},"end":{"line":50,"column":49}},{"start":{"line":50,"column":53},"end":{"line":50,"column":72}}]},"7":{"line":64,"type":"switch","locations":[{"start":{"line":69,"column":4},"end":{"line":70,"column":14}},{"start":{"line":75,"column":4},"end":{"line":76,"column":14}}]},"8":{"line":85,"type":"switch","locations":[{"start":{"line":90,"column":4},"end":{"line":105,"column":14}},{"start":{"line":111,"column":4},"end":{"line":193,"column":14},"skip":true}]},"9":{"line":91,"type":"binary-expr","locations":[{"start":{"line":91,"column":42},"end":{"line":91,"column":73}},{"start":{"line":91,"column":77},"end":{"line":99,"column":9}}]},"10":{"line":102,"type":"binary-expr","locations":[{"start":{"line":102,"column":18},"end":{"line":102,"column":32}},{"start":{"line":103,"column":12},"end":{"line":103,"column":53}},{"start":{"line":104,"column":12},"end":{"line":104,"column":61}}]},"11":{"line":112,"type":"binary-expr","locations":[{"start":{"line":112,"column":45},"end":{"line":112,"column":79},"skip":true},{"start":{"line":112,"column":83},"end":{"line":121,"column":9},"skip":true}]},"12":{"line":123,"type":"binary-expr","locations":[{"start":{"line":123,"column":42},"end":{"line":123,"column":73},"skip":true},{"start":{"line":123,"column":77},"end":{"line":136,"column":9},"skip":true}]},"13":{"line":138,"type":"binary-expr","locations":[{"start":{"line":138,"column":48},"end":{"line":138,"column":85},"skip":true},{"start":{"line":139,"column":12},"end":{"line":145,"column":13},"skip":true}]},"14":{"line":147,"type":"binary-expr","locations":[{"start":{"line":147,"column":42},"end":{"line":147,"column":73},"skip":true},{"start":{"line":147,"column":77},"end":{"line":156,"column":9},"skip":true}]},"15":{"line":158,"type":"binary-expr","locations":[{"start":{"line":158,"column":45},"end":{"line":158,"column":79},"skip":true},{"start":{"line":158,"column":83},"end":{"line":167,"column":9},"skip":true}]},"16":{"line":169,"type":"binary-expr","locations":[{"start":{"line":169,"column":43},"end":{"line":169,"column":75},"skip":true},{"start":{"line":169,"column":79},"end":{"line":178,"column":9},"skip":true}]},"17":{"line":180,"type":"binary-expr","locations":[{"start":{"line":180,"column":41},"end":{"line":180,"column":71},"skip":true},{"start":{"line":180,"column":75},"end":{"line":189,"column":9},"skip":true}]}},"code":["/* istanbul instrument in package npmtest_react_slick */","/*jslint","    bitwise: true,","    browser: true,","    maxerr: 8,","    maxlen: 96,","    node: true,","    nomen: true,","    regexp: true,","    stupid: true","*/","(function () {","    'use strict';","    var local;","","","","    // run shared js-env code - init-before","    (function () {","        // init local","        local = {};","        // init modeJs","        local.modeJs = (function () {","            try {","                return typeof navigator.userAgent === 'string' &&","                    typeof document.querySelector('body') === 'object' &&","                    typeof XMLHttpRequest.prototype.open === 'function' &&","                    'browser';","            } catch (errorCaughtBrowser) {","                return module.exports &&","                    typeof process.versions.node === 'string' &&","                    typeof require('http').createServer === 'function' &&","                    'node';","            }","        }());","        // init global","        local.global = local.modeJs === 'browser'","            ? window","            : global;","        switch (local.modeJs) {","        // re-init local from window.local","        case 'browser':","            local = local.global.utility2.objectSetDefault(","                local.global.utility2_rollup || local.global.local,","                local.global.utility2","            );","            break;","        // re-init local from example.js","        case 'node':","            local = (local.global.utility2_rollup || require('utility2'))","                .requireReadme();","            break;","        }","        // export local","        local.global.local = local;","    }());","","","","    // run shared js-env code - function","    (function () {","        return;","    }());","    switch (local.modeJs) {","","","","    // run browser js-env code - function","    case 'browser':","        break;","","","","    // run node js-env code - function","    case 'node':","        break;","    }","","","","    // run shared js-env code - init-after","    (function () {","        return;","    }());","    switch (local.modeJs) {","","","","    // run browser js-env code - init-after","    case 'browser':","        local.testCase_browser_nullCase = local.testCase_browser_nullCase || function (","            options,","            onError","        ) {","        /*","         * this function will test browsers's null-case handling-behavior-behavior","         */","            onError(null, options);","        };","","        // run tests","        local.nop(local.modeTest &&","            document.querySelector('#testRunButton1') &&","            document.querySelector('#testRunButton1').click());","        break;","","","","    // run node js-env code - init-after","    /* istanbul ignore next */","    case 'node':","        local.testCase_buildApidoc_default = local.testCase_buildApidoc_default || function (","            options,","            onError","        ) {","        /*","         * this function will test buildApidoc's default handling-behavior-behavior","         */","            options = { modulePathList: module.paths };","            local.buildApidoc(options, onError);","        };","","        local.testCase_buildApp_default = local.testCase_buildApp_default || function (","            options,","            onError","        ) {","        /*","         * this function will test buildApp's default handling-behavior-behavior","         */","            local.testCase_buildReadme_default(options, local.onErrorThrow);","            local.testCase_buildLib_default(options, local.onErrorThrow);","            local.testCase_buildTest_default(options, local.onErrorThrow);","            local.testCase_buildCustomOrg_default(options, local.onErrorThrow);","            options = [];","            local.buildApp(options, onError);","        };","","        local.testCase_buildCustomOrg_default = local.testCase_buildCustomOrg_default ||","            function (options, onError) {","            /*","             * this function will test buildCustomOrg's default handling-behavior","             */","                options = {};","                local.buildCustomOrg(options, onError);","            };","","        local.testCase_buildLib_default = local.testCase_buildLib_default || function (","            options,","            onError","        ) {","        /*","         * this function will test buildLib's default handling-behavior","         */","            options = {};","            local.buildLib(options, onError);","        };","","        local.testCase_buildReadme_default = local.testCase_buildReadme_default || function (","            options,","            onError","        ) {","        /*","         * this function will test buildReadme's default handling-behavior-behavior","         */","            options = {};","            local.buildReadme(options, onError);","        };","","        local.testCase_buildTest_default = local.testCase_buildTest_default || function (","            options,","            onError","        ) {","        /*","         * this function will test buildTest's default handling-behavior","         */","            options = {};","            local.buildTest(options, onError);","        };","","        local.testCase_webpage_default = local.testCase_webpage_default || function (","            options,","            onError","        ) {","        /*","         * this function will test webpage's default handling-behavior","         */","            options = { modeCoverageMerge: true, url: local.serverLocalHost + '?modeTest=1' };","            local.browserTest(options, onError);","        };","","        // run test-server","        local.testRunServer(local);","        break;","    }","}());",""],"l":{"12":2,"14":2,"19":2,"21":2,"23":2,"24":2,"25":2,"30":1,"37":2,"40":2,"43":1,"47":1,"50":1,"52":1,"55":2,"61":2,"62":2,"64":2,"70":1,"76":1,"82":2,"83":2,"85":2,"91":1,"98":1,"102":1,"105":1,"112":1,"119":1,"120":1,"123":1,"130":1,"131":1,"132":1,"133":1,"134":1,"135":1,"138":1,"143":2,"144":2,"147":1,"154":2,"155":2,"158":1,"165":2,"166":2,"169":1,"176":2,"177":2,"180":1,"187":1,"188":1,"192":1,"193":1}},"/home/travis/build/npmtest/node-npmtest-react-slick/lib.npmtest_react_slick.js":{"path":"/home/travis/build/npmtest/node-npmtest-react-slick/lib.npmtest_react_slick.js","s":{"1":2,"2":2,"3":2,"4":2,"5":2,"6":2,"7":2,"8":1,"9":2,"10":2,"11":2,"12":2,"13":1,"14":1,"15":1,"16":1},"b":{"1":[2,1,1,1],"2":[1,1,1,1],"3":[1,1],"4":[2,2],"5":[1,1]},"f":{"1":2,"2":2,"3":2},"fnMap":{"1":{"name":"(anonymous_1)","line":12,"loc":{"start":{"line":12,"column":1},"end":{"line":12,"column":13}}},"2":{"name":"(anonymous_2)","line":19,"loc":{"start":{"line":19,"column":5},"end":{"line":19,"column":17}}},"3":{"name":"(anonymous_3)","line":23,"loc":{"start":{"line":23,"column":24},"end":{"line":23,"column":36}}}},"statementMap":{"1":{"start":{"line":12,"column":0},"end":{"line":53,"column":5}},"2":{"start":{"line":14,"column":4},"end":{"line":14,"column":14}},"3":{"start":{"line":19,"column":4},"end":{"line":52,"column":9}},"4":{"start":{"line":21,"column":8},"end":{"line":21,"column":19}},"5":{"start":{"line":23,"column":8},"end":{"line":35,"column":13}},"6":{"start":{"line":24,"column":12},"end":{"line":34,"column":13}},"7":{"start":{"line":25,"column":16},"end":{"line":28,"column":30}},"8":{"start":{"line":30,"column":16},"end":{"line":33,"column":27}},"9":{"start":{"line":37,"column":8},"end":{"line":39,"column":21}},"10":{"start":{"line":41,"column":8},"end":{"line":41,"column":54}},"11":{"start":{"line":43,"column":8},"end":{"line":43,"column":56}},"12":{"start":{"line":45,"column":8},"end":{"line":51,"column":9}},"13":{"start":{"line":46,"column":12},"end":{"line":46,"column":62}},"14":{"start":{"line":48,"column":12},"end":{"line":48,"column":35}},"15":{"start":{"line":49,"column":12},"end":{"line":49,"column":49}},"16":{"start":{"line":50,"column":12},"end":{"line":50,"column":43}}},"branchMap":{"1":{"line":25,"type":"binary-expr","locations":[{"start":{"line":25,"column":23},"end":{"line":25,"column":62}},{"start":{"line":26,"column":20},"end":{"line":26,"column":70}},{"start":{"line":27,"column":20},"end":{"line":27,"column":71}},{"start":{"line":28,"column":20},"end":{"line":28,"column":29}}]},"2":{"line":30,"type":"binary-expr","locations":[{"start":{"line":30,"column":23},"end":{"line":30,"column":37}},{"start":{"line":31,"column":20},"end":{"line":31,"column":61}},{"start":{"line":32,"column":20},"end":{"line":32,"column":70}},{"start":{"line":33,"column":20},"end":{"line":33,"column":26}}]},"3":{"line":37,"type":"cond-expr","locations":[{"start":{"line":38,"column":14},"end":{"line":38,"column":20}},{"start":{"line":39,"column":14},"end":{"line":39,"column":20}}]},"4":{"line":41,"type":"binary-expr","locations":[{"start":{"line":41,"column":16},"end":{"line":41,"column":44}},{"start":{"line":41,"column":48},"end":{"line":41,"column":53}}]},"5":{"line":45,"type":"if","locations":[{"start":{"line":45,"column":8},"end":{"line":45,"column":8}},{"start":{"line":45,"column":8},"end":{"line":45,"column":8}}]}},"code":["/* istanbul instrument in package npmtest_react_slick */","/*jslint","    bitwise: true,","    browser: true,","    maxerr: 8,","    maxlen: 96,","    node: true,","    nomen: true,","    regexp: true,","    stupid: true","*/","(function () {","    'use strict';","    var local;","","","","    // run shared js-env code - init-before","    (function () {","        // init local","        local = {};","        // init modeJs","        local.modeJs = (function () {","            try {","                return typeof navigator.userAgent === 'string' &&","                    typeof document.querySelector('body') === 'object' &&","                    typeof XMLHttpRequest.prototype.open === 'function' &&","                    'browser';","            } catch (errorCaughtBrowser) {","                return module.exports &&","                    typeof process.versions.node === 'string' &&","                    typeof require('http').createServer === 'function' &&","                    'node';","            }","        }());","        // init global","        local.global = local.modeJs === 'browser'","            ? window","            : global;","        // init utility2_rollup","        local = local.global.utility2_rollup || local;","        // init lib","        local.local = local.npmtest_react_slick = local;","        // init exports","        if (local.modeJs === 'browser') {","            local.global.utility2_npmtest_react_slick = local;","        } else {","            module.exports = local;","            module.exports.__dirname = __dirname;","            module.exports.module = module;","        }","    }());","}());",""],"l":{"12":2,"14":2,"19":2,"21":2,"23":2,"24":2,"25":2,"30":1,"37":2,"41":2,"43":2,"45":2,"46":1,"48":1,"49":1,"50":1}},"/home/travis/build/npmtest/node-npmtest-react-slick/example.js":{"path":"/home/travis/build/npmtest/node-npmtest-react-slick/example.js","s":{"1":2,"2":2,"3":2,"4":2,"5":2,"6":2,"7":2,"8":1,"9":2,"10":2,"11":2,"12":2,"13":1,"14":2,"15":2,"16":2,"17":2,"18":2,"19":0,"20":2,"21":1,"22":1,"23":1,"24":1,"25":1,"26":0,"27":0,"28":1,"29":1,"30":2,"31":0,"32":0,"33":0,"34":1,"35":2,"36":2,"37":3,"38":3,"39":3,"40":3,"41":0,"42":3,"43":3,"44":3,"45":1,"46":3,"47":1,"48":1,"49":1,"50":1,"51":1,"52":1,"53":1,"54":1,"55":1,"56":1,"57":0,"58":1,"59":6,"60":6,"61":1,"62":2,"63":0,"64":2,"65":1,"66":1,"67":0,"68":0,"69":0,"70":0,"71":0,"72":0,"73":0,"74":0,"75":0,"76":0,"77":0,"78":0,"79":0,"80":0,"81":0,"82":0,"83":0},"b":{"1":[2,1,1,1],"2":[1,1,1,1],"3":[1,1],"4":[2,2],"5":[1,1],"6":[1,1],"7":[2,0],"8":[2,1,1,1,1,1],"9":[0,2,0],"10":[1,1],"11":[2,1,1],"12":[1,0],"13":[0,2],"14":[2,0,0,0,0,0,0],"15":[0,3],"16":[3,0],"17":[1,1],"18":[0,1],"19":[1,2,0,2],"20":[1,0],"21":[1,1],"22":[0,0],"23":[0,0],"24":[0,0],"25":[0,0],"26":[0,0],"27":[0,0],"28":[0,0]},"f":{"1":2,"2":2,"3":2,"4":2,"5":2,"6":2,"7":3,"8":3,"9":3,"10":1,"11":6,"12":0},"fnMap":{"1":{"name":"(anonymous_1)","line":26,"loc":{"start":{"line":26,"column":1},"end":{"line":26,"column":13}}},"2":{"name":"(anonymous_2)","line":33,"loc":{"start":{"line":33,"column":5},"end":{"line":33,"column":17}}},"3":{"name":"(anonymous_3)","line":37,"loc":{"start":{"line":37,"column":24},"end":{"line":37,"column":36}}},"4":{"name":"(anonymous_4)","line":69,"loc":{"start":{"line":69,"column":31},"end":{"line":69,"column":48}},"skip":true},"5":{"name":"(anonymous_5)","line":78,"loc":{"start":{"line":78,"column":26},"end":{"line":78,"column":45}},"skip":true},"6":{"name":"(anonymous_6)","line":123,"loc":{"start":{"line":123,"column":33},"end":{"line":123,"column":48}},"skip":true},"7":{"name":"(anonymous_7)","line":125,"loc":{"start":{"line":125,"column":27},"end":{"line":125,"column":39}},"skip":true},"8":{"name":"(anonymous_8)","line":133,"loc":{"start":{"line":133,"column":59},"end":{"line":133,"column":74}},"skip":true},"9":{"name":"(anonymous_9)","line":143,"loc":{"start":{"line":143,"column":45},"end":{"line":143,"column":62}},"skip":true},"10":{"name":"(anonymous_10)","line":144,"loc":{"start":{"line":144,"column":73},"end":{"line":144,"column":92}},"skip":true},"11":{"name":"(anonymous_11)","line":272,"loc":{"start":{"line":272,"column":51},"end":{"line":272,"column":77}},"skip":true},"12":{"name":"(anonymous_12)","line":315,"loc":{"start":{"line":315,"column":32},"end":{"line":315,"column":61}},"skip":true}},"statementMap":{"1":{"start":{"line":26,"column":0},"end":{"line":326,"column":5}},"2":{"start":{"line":28,"column":4},"end":{"line":28,"column":14}},"3":{"start":{"line":33,"column":4},"end":{"line":60,"column":9}},"4":{"start":{"line":35,"column":8},"end":{"line":35,"column":19}},"5":{"start":{"line":37,"column":8},"end":{"line":49,"column":13}},"6":{"start":{"line":38,"column":12},"end":{"line":48,"column":13}},"7":{"start":{"line":39,"column":16},"end":{"line":42,"column":30}},"8":{"start":{"line":44,"column":16},"end":{"line":47,"column":27}},"9":{"start":{"line":51,"column":8},"end":{"line":53,"column":21}},"10":{"start":{"line":55,"column":8},"end":{"line":57,"column":45}},"11":{"start":{"line":59,"column":8},"end":{"line":59,"column":35}},"12":{"start":{"line":61,"column":4},"end":{"line":325,"column":5}},"13":{"start":{"line":69,"column":8},"end":{"line":121,"column":10},"skip":true},"14":{"start":{"line":70,"column":12},"end":{"line":88,"column":13},"skip":true},"15":{"start":{"line":76,"column":16},"end":{"line":87,"column":19},"skip":true},"16":{"start":{"line":79,"column":20},"end":{"line":86,"column":21},"skip":true},"17":{"start":{"line":82,"column":24},"end":{"line":82,"column":43},"skip":true},"18":{"start":{"line":83,"column":24},"end":{"line":83,"column":30},"skip":true},"19":{"start":{"line":85,"column":24},"end":{"line":85,"column":49},"skip":true},"20":{"start":{"line":89,"column":12},"end":{"line":107,"column":13},"skip":true},"21":{"start":{"line":92,"column":16},"end":{"line":102,"column":17},"skip":true},"22":{"start":{"line":93,"column":20},"end":{"line":93,"column":86},"skip":true},"23":{"start":{"line":94,"column":20},"end":{"line":95,"column":45},"skip":true},"24":{"start":{"line":96,"column":20},"end":{"line":96,"column":42},"skip":true},"25":{"start":{"line":97,"column":20},"end":{"line":97,"column":48},"skip":true},"26":{"start":{"line":100,"column":20},"end":{"line":100,"column":85},"skip":true},"27":{"start":{"line":101,"column":20},"end":{"line":101,"column":96},"skip":true},"28":{"start":{"line":103,"column":16},"end":{"line":103,"column":22},"skip":true},"29":{"start":{"line":106,"column":16},"end":{"line":106,"column":22},"skip":true},"30":{"start":{"line":108,"column":12},"end":{"line":120,"column":13},"skip":true},"31":{"start":{"line":114,"column":16},"end":{"line":119,"column":17},"skip":true},"32":{"start":{"line":116,"column":20},"end":{"line":116,"column":78},"skip":true},"33":{"start":{"line":118,"column":20},"end":{"line":118,"column":47},"skip":true},"34":{"start":{"line":123,"column":8},"end":{"line":141,"column":11},"skip":true},"35":{"start":{"line":124,"column":12},"end":{"line":124,"column":54},"skip":true},"36":{"start":{"line":125,"column":12},"end":{"line":140,"column":14},"skip":true},"37":{"start":{"line":126,"column":16},"end":{"line":126,"column":28},"skip":true},"38":{"start":{"line":127,"column":16},"end":{"line":127,"column":69},"skip":true},"39":{"start":{"line":128,"column":16},"end":{"line":128,"column":75},"skip":true},"40":{"start":{"line":129,"column":16},"end":{"line":131,"column":17},"skip":true},"41":{"start":{"line":130,"column":20},"end":{"line":130,"column":27},"skip":true},"42":{"start":{"line":133,"column":16},"end":{"line":137,"column":36},"skip":true},"43":{"start":{"line":134,"column":20},"end":{"line":136,"column":55},"skip":true},"44":{"start":{"line":139,"column":16},"end":{"line":139,"column":57},"skip":true},"45":{"start":{"line":143,"column":8},"end":{"line":147,"column":11},"skip":true},"46":{"start":{"line":144,"column":12},"end":{"line":146,"column":15},"skip":true},"47":{"start":{"line":145,"column":16},"end":{"line":145,"column":70},"skip":true},"48":{"start":{"line":149,"column":8},"end":{"line":149,"column":31},"skip":true},"49":{"start":{"line":150,"column":8},"end":{"line":150,"column":14},"skip":true},"50":{"start":{"line":158,"column":8},"end":{"line":158,"column":31},"skip":true},"51":{"start":{"line":160,"column":8},"end":{"line":160,"column":33},"skip":true},"52":{"start":{"line":161,"column":8},"end":{"line":161,"column":37},"skip":true},"53":{"start":{"line":162,"column":8},"end":{"line":162,"column":35},"skip":true},"54":{"start":{"line":164,"column":8},"end":{"line":164,"column":50},"skip":true},"55":{"start":{"line":166,"column":8},"end":{"line":256,"column":2},"skip":true},"56":{"start":{"line":258,"column":8},"end":{"line":286,"column":9},"skip":true},"57":{"start":{"line":259,"column":12},"end":{"line":269,"column":14},"skip":true},"58":{"start":{"line":271,"column":12},"end":{"line":285,"column":19},"skip":true},"59":{"start":{"line":274,"column":20},"end":{"line":274,"column":35},"skip":true},"60":{"start":{"line":275,"column":20},"end":{"line":284,"column":21},"skip":true},"61":{"start":{"line":277,"column":24},"end":{"line":277,"column":64},"skip":true},"62":{"start":{"line":279,"column":24},"end":{"line":279,"column":40},"skip":true},"63":{"start":{"line":281,"column":24},"end":{"line":281,"column":40},"skip":true},"64":{"start":{"line":283,"column":24},"end":{"line":283,"column":39},"skip":true},"65":{"start":{"line":288,"column":8},"end":{"line":290,"column":9},"skip":true},"66":{"start":{"line":289,"column":12},"end":{"line":289,"column":18},"skip":true},"67":{"start":{"line":291,"column":8},"end":{"line":293,"column":54},"skip":true},"68":{"start":{"line":296,"column":8},"end":{"line":301,"column":37},"skip":true},"69":{"start":{"line":303,"column":8},"end":{"line":303,"column":82},"skip":true},"70":{"start":{"line":306,"column":8},"end":{"line":308,"column":9},"skip":true},"71":{"start":{"line":307,"column":12},"end":{"line":307,"column":82},"skip":true},"72":{"start":{"line":310,"column":8},"end":{"line":312,"column":9},"skip":true},"73":{"start":{"line":311,"column":12},"end":{"line":311,"column":18},"skip":true},"74":{"start":{"line":313,"column":8},"end":{"line":313,"column":54},"skip":true},"75":{"start":{"line":314,"column":8},"end":{"line":314,"column":69},"skip":true},"76":{"start":{"line":315,"column":8},"end":{"line":323,"column":36},"skip":true},"77":{"start":{"line":316,"column":12},"end":{"line":316,"column":61},"skip":true},"78":{"start":{"line":317,"column":12},"end":{"line":320,"column":13},"skip":true},"79":{"start":{"line":318,"column":16},"end":{"line":318,"column":75},"skip":true},"80":{"start":{"line":319,"column":16},"end":{"line":319,"column":23},"skip":true},"81":{"start":{"line":321,"column":12},"end":{"line":321,"column":38},"skip":true},"82":{"start":{"line":322,"column":12},"end":{"line":322,"column":27},"skip":true},"83":{"start":{"line":324,"column":8},"end":{"line":324,"column":14},"skip":true}},"branchMap":{"1":{"line":39,"type":"binary-expr","locations":[{"start":{"line":39,"column":23},"end":{"line":39,"column":62}},{"start":{"line":40,"column":20},"end":{"line":40,"column":70}},{"start":{"line":41,"column":20},"end":{"line":41,"column":71}},{"start":{"line":42,"column":20},"end":{"line":42,"column":29}}]},"2":{"line":44,"type":"binary-expr","locations":[{"start":{"line":44,"column":23},"end":{"line":44,"column":37}},{"start":{"line":45,"column":20},"end":{"line":45,"column":61}},{"start":{"line":46,"column":20},"end":{"line":46,"column":70}},{"start":{"line":47,"column":20},"end":{"line":47,"column":26}}]},"3":{"line":51,"type":"cond-expr","locations":[{"start":{"line":52,"column":14},"end":{"line":52,"column":20}},{"start":{"line":53,"column":14},"end":{"line":53,"column":20}}]},"4":{"line":55,"type":"binary-expr","locations":[{"start":{"line":55,"column":16},"end":{"line":55,"column":44}},{"start":{"line":55,"column":49},"end":{"line":57,"column":43}}]},"5":{"line":55,"type":"cond-expr","locations":[{"start":{"line":56,"column":14},"end":{"line":56,"column":55}},{"start":{"line":57,"column":14},"end":{"line":57,"column":43}}]},"6":{"line":61,"type":"switch","locations":[{"start":{"line":68,"column":4},"end":{"line":150,"column":14},"skip":true},{"start":{"line":156,"column":4},"end":{"line":324,"column":14},"skip":true}]},"7":{"line":70,"type":"if","locations":[{"start":{"line":70,"column":12},"end":{"line":70,"column":12},"skip":true},{"start":{"line":70,"column":12},"end":{"line":70,"column":12},"skip":true}]},"8":{"line":70,"type":"binary-expr","locations":[{"start":{"line":70,"column":16},"end":{"line":70,"column":22},"skip":true},{"start":{"line":70,"column":27},"end":{"line":70,"column":32},"skip":true},{"start":{"line":71,"column":20},"end":{"line":71,"column":39},"skip":true},{"start":{"line":72,"column":20},"end":{"line":72,"column":49},"skip":true},{"start":{"line":73,"column":20},"end":{"line":73,"column":58},"skip":true},{"start":{"line":74,"column":20},"end":{"line":74,"column":69},"skip":true}]},"9":{"line":79,"type":"switch","locations":[{"start":{"line":80,"column":20},"end":{"line":80,"column":33},"skip":true},{"start":{"line":81,"column":20},"end":{"line":83,"column":30},"skip":true},{"start":{"line":84,"column":20},"end":{"line":85,"column":49},"skip":true}]},"10":{"line":89,"type":"switch","locations":[{"start":{"line":90,"column":12},"end":{"line":103,"column":22},"skip":true},{"start":{"line":105,"column":12},"end":{"line":106,"column":22},"skip":true}]},"11":{"line":89,"type":"binary-expr","locations":[{"start":{"line":89,"column":20},"end":{"line":89,"column":25},"skip":true},{"start":{"line":89,"column":29},"end":{"line":89,"column":48},"skip":true},{"start":{"line":89,"column":52},"end":{"line":89,"column":74},"skip":true}]},"12":{"line":92,"type":"if","locations":[{"start":{"line":92,"column":16},"end":{"line":92,"column":16},"skip":true},{"start":{"line":92,"column":16},"end":{"line":92,"column":16},"skip":true}]},"13":{"line":108,"type":"if","locations":[{"start":{"line":108,"column":12},"end":{"line":108,"column":12},"skip":true},{"start":{"line":108,"column":12},"end":{"line":108,"column":12},"skip":true}]},"14":{"line":108,"type":"binary-expr","locations":[{"start":{"line":108,"column":16},"end":{"line":108,"column":61},"skip":true},{"start":{"line":108,"column":66},"end":{"line":108,"column":72},"skip":true},{"start":{"line":108,"column":77},"end":{"line":108,"column":82},"skip":true},{"start":{"line":109,"column":20},"end":{"line":109,"column":39},"skip":true},{"start":{"line":110,"column":20},"end":{"line":110,"column":49},"skip":true},{"start":{"line":111,"column":20},"end":{"line":111,"column":58},"skip":true},{"start":{"line":112,"column":20},"end":{"line":112,"column":68},"skip":true}]},"15":{"line":129,"type":"if","locations":[{"start":{"line":129,"column":16},"end":{"line":129,"column":16},"skip":true},{"start":{"line":129,"column":16},"end":{"line":129,"column":16},"skip":true}]},"16":{"line":134,"type":"cond-expr","locations":[{"start":{"line":135,"column":26},"end":{"line":135,"column":29},"skip":true},{"start":{"line":136,"column":26},"end":{"line":136,"column":54},"skip":true}]},"17":{"line":164,"type":"binary-expr","locations":[{"start":{"line":164,"column":27},"end":{"line":164,"column":43},"skip":true},{"start":{"line":164,"column":47},"end":{"line":164,"column":49},"skip":true}]},"18":{"line":258,"type":"if","locations":[{"start":{"line":258,"column":8},"end":{"line":258,"column":8},"skip":true},{"start":{"line":258,"column":8},"end":{"line":258,"column":8},"skip":true}]},"19":{"line":275,"type":"switch","locations":[{"start":{"line":276,"column":20},"end":{"line":277,"column":64},"skip":true},{"start":{"line":278,"column":20},"end":{"line":279,"column":40},"skip":true},{"start":{"line":280,"column":20},"end":{"line":281,"column":40},"skip":true},{"start":{"line":282,"column":20},"end":{"line":283,"column":39},"skip":true}]},"20":{"line":288,"type":"if","locations":[{"start":{"line":288,"column":8},"end":{"line":288,"column":8},"skip":true},{"start":{"line":288,"column":8},"end":{"line":288,"column":8},"skip":true}]},"21":{"line":288,"type":"binary-expr","locations":[{"start":{"line":288,"column":12},"end":{"line":288,"column":40},"skip":true},{"start":{"line":288,"column":44},"end":{"line":288,"column":67},"skip":true}]},"22":{"line":292,"type":"binary-expr","locations":[{"start":{"line":292,"column":12},"end":{"line":292,"column":50},"skip":true},{"start":{"line":293,"column":12},"end":{"line":293,"column":53},"skip":true}]},"23":{"line":297,"type":"binary-expr","locations":[{"start":{"line":297,"column":12},"end":{"line":297,"column":69},"skip":true},{"start":{"line":298,"column":12},"end":{"line":301,"column":36},"skip":true}]},"24":{"line":303,"type":"binary-expr","locations":[{"start":{"line":303,"column":43},"end":{"line":303,"column":75},"skip":true},{"start":{"line":303,"column":79},"end":{"line":303,"column":81},"skip":true}]},"25":{"line":306,"type":"if","locations":[{"start":{"line":306,"column":8},"end":{"line":306,"column":8},"skip":true},{"start":{"line":306,"column":8},"end":{"line":306,"column":8},"skip":true}]},"26":{"line":310,"type":"if","locations":[{"start":{"line":310,"column":8},"end":{"line":310,"column":8},"skip":true},{"start":{"line":310,"column":8},"end":{"line":310,"column":8},"skip":true}]},"27":{"line":313,"type":"binary-expr","locations":[{"start":{"line":313,"column":27},"end":{"line":313,"column":43},"skip":true},{"start":{"line":313,"column":47},"end":{"line":313,"column":53},"skip":true}]},"28":{"line":317,"type":"if","locations":[{"start":{"line":317,"column":12},"end":{"line":317,"column":12},"skip":true},{"start":{"line":317,"column":12},"end":{"line":317,"column":12},"skip":true}]}},"code":["/*","example.js","","quickstart example","","instruction","    1. save this script as example.js","    2. run the shell command:","        $ npm install npmtest-react-slick && PORT=8081 node example.js","    3. play with the browser-demo on http://127.0.0.1:8081","*/","","","","/* istanbul instrument in package npmtest_react_slick */","/*jslint","    bitwise: true,","    browser: true,","    maxerr: 8,","    maxlen: 96,","    node: true,","    nomen: true,","    regexp: true,","    stupid: true","*/","(function () {","    'use strict';","    var local;","","","","    // run shared js-env code - init-before","    (function () {","        // init local","        local = {};","        // init modeJs","        local.modeJs = (function () {","            try {","                return typeof navigator.userAgent === 'string' &&","                    typeof document.querySelector('body') === 'object' &&","                    typeof XMLHttpRequest.prototype.open === 'function' &&","                    'browser';","            } catch (errorCaughtBrowser) {","                return module.exports &&","                    typeof process.versions.node === 'string' &&","                    typeof require('http').createServer === 'function' &&","                    'node';","            }","        }());","        // init global","        local.global = local.modeJs === 'browser'","            ? window","            : global;","        // init utility2_rollup","        local = local.global.utility2_rollup || (local.modeJs === 'browser'","            ? local.global.utility2_npmtest_react_slick","            : global.utility2_moduleExports);","        // export local","        local.global.local = local;","    }());","    switch (local.modeJs) {","","","","    // init-after","    // run browser js-env code - init-after","    /* istanbul ignore next */","    case 'browser':","        local.testRunBrowser = function (event) {","            if (!event || (event &&","                    event.currentTarget &&","                    event.currentTarget.className &&","                    event.currentTarget.className.includes &&","                    event.currentTarget.className.includes('onreset'))) {","                // reset output","                Array.from(","                    document.querySelectorAll('body > .resettable')","                ).forEach(function (element) {","                    switch (element.tagName) {","                    case 'INPUT':","                    case 'TEXTAREA':","                        element.value = '';","                        break;","                    default:","                        element.textContent = '';","                    }","                });","            }","            switch (event && event.currentTarget && event.currentTarget.id) {","            case 'testRunButton1':","                // show tests","                if (document.querySelector('#testReportDiv1').style.display === 'none') {","                    document.querySelector('#testReportDiv1').style.display = 'block';","                    document.querySelector('#testRunButton1').textContent =","                        'hide internal test';","                    local.modeTest = true;","                    local.testRunDefault(local);","                // hide tests","                } else {","                    document.querySelector('#testReportDiv1').style.display = 'none';","                    document.querySelector('#testRunButton1').textContent = 'run internal test';","                }","                break;","            // custom-case","            default:","                break;","            }","            if (document.querySelector('#inputTextareaEval1') && (!event || (event &&","                    event.currentTarget &&","                    event.currentTarget.className &&","                    event.currentTarget.className.includes &&","                    event.currentTarget.className.includes('oneval')))) {","                // try to eval input-code","                try {","                    /*jslint evil: true*/","                    eval(document.querySelector('#inputTextareaEval1').value);","                } catch (errorCaught) {","                    console.error(errorCaught);","                }","            }","        };","        // log stderr and stdout to #outputTextareaStdout1","        ['error', 'log'].forEach(function (key) {","            console[key + '_original'] = console[key];","            console[key] = function () {","                var element;","                console[key + '_original'].apply(console, arguments);","                element = document.querySelector('#outputTextareaStdout1');","                if (!element) {","                    return;","                }","                // append text to #outputTextareaStdout1","                element.value += Array.from(arguments).map(function (arg) {","                    return typeof arg === 'string'","                        ? arg","                        : JSON.stringify(arg, null, 4);","                }).join(' ') + '\\n';","                // scroll textarea to bottom","                element.scrollTop = element.scrollHeight;","            };","        });","        // init event-handling","        ['change', 'click', 'keyup'].forEach(function (event) {","            Array.from(document.querySelectorAll('.on' + event)).forEach(function (element) {","                element.addEventListener(event, local.testRunBrowser);","            });","        });","        // run tests","        local.testRunBrowser();","        break;","","","","    // run node js-env code - init-after","    /* istanbul ignore next */","    case 'node':","        // export local","        module.exports = local;","        // require modules","        local.fs = require('fs');","        local.http = require('http');","        local.url = require('url');","        // init assets","        local.assetsDict = local.assetsDict || {};","        /* jslint-ignore-begin */","        local.assetsDict['/assets.index.template.html'] = '\\","<!doctype html>\\n\\","<html lang=\"en\">\\n\\","<head>\\n\\","<meta charset=\"UTF-8\">\\n\\","<meta name=\"viewport\" content=\"width=device-width, initial-scale=1\">\\n\\","<title>{{env.npm_package_name}} (v{{env.npm_package_version}})</title>\\n\\","<style>\\n\\","/*csslint\\n\\","    box-sizing: false,\\n\\","    universal-selector: false\\n\\","*/\\n\\","* {\\n\\","    box-sizing: border-box;\\n\\","}\\n\\","body {\\n\\","    background: #dde;\\n\\","    font-family: Arial, Helvetica, sans-serif;\\n\\","    margin: 2rem;\\n\\","}\\n\\","body > * {\\n\\","    margin-bottom: 1rem;\\n\\","}\\n\\",".utility2FooterDiv {\\n\\","    margin-top: 20px;\\n\\","    text-align: center;\\n\\","}\\n\\","</style>\\n\\","<style>\\n\\","/*csslint\\n\\","*/\\n\\","textarea {\\n\\","    font-family: monospace;\\n\\","    height: 10rem;\\n\\","    width: 100%;\\n\\","}\\n\\","textarea[readonly] {\\n\\","    background: #ddd;\\n\\","}\\n\\","</style>\\n\\","</head>\\n\\","<body>\\n\\","<!-- utility2-comment\\n\\","<div id=\"ajaxProgressDiv1\" style=\"background: #d00; height: 2px; left: 0; margin: 0; padding: 0; position: fixed; top: 0; transition: background 0.5s, width 1.5s; width: 25%;\"></div>\\n\\","utility2-comment -->\\n\\","<h1>\\n\\","<!-- utility2-comment\\n\\","    <a\\n\\","        {{#if env.npm_package_homepage}}\\n\\","        href=\"{{env.npm_package_homepage}}\"\\n\\","        {{/if env.npm_package_homepage}}\\n\\","        target=\"_blank\"\\n\\","    >\\n\\","utility2-comment -->\\n\\","        {{env.npm_package_name}} (v{{env.npm_package_version}})\\n\\","<!-- utility2-comment\\n\\","    </a>\\n\\","utility2-comment -->\\n\\","</h1>\\n\\","<h3>{{env.npm_package_description}}</h3>\\n\\","<!-- utility2-comment\\n\\","<h4><a download href=\"assets.app.js\">download standalone app</a></h4>\\n\\","<button class=\"onclick onreset\" id=\"testRunButton1\">run internal test</button><br>\\n\\","<div id=\"testReportDiv1\" style=\"display: none;\"></div>\\n\\","utility2-comment -->\\n\\","\\n\\","\\n\\","\\n\\","<label>stderr and stdout</label>\\n\\","<textarea class=\"resettable\" id=\"outputTextareaStdout1\" readonly></textarea>\\n\\","<!-- utility2-comment\\n\\","{{#if isRollup}}\\n\\","<script src=\"assets.app.js\"></script>\\n\\","{{#unless isRollup}}\\n\\","utility2-comment -->\\n\\","<script src=\"assets.utility2.rollup.js\"></script>\\n\\","<script src=\"jsonp.utility2._stateInit?callback=window.utility2._stateInit\"></script>\\n\\","<script src=\"assets.npmtest_react_slick.rollup.js\"></script>\\n\\","<script src=\"assets.example.js\"></script>\\n\\","<script src=\"assets.test.js\"></script>\\n\\","<!-- utility2-comment\\n\\","{{/if isRollup}}\\n\\","utility2-comment -->\\n\\","<div class=\"utility2FooterDiv\">\\n\\","    [ this app was created with\\n\\","    <a href=\"https://github.com/kaizhu256/node-utility2\" target=\"_blank\">utility2</a>\\n\\","    ]\\n\\","</div>\\n\\","</body>\\n\\","</html>\\n\\","';","        /* jslint-ignore-end */","        if (local.templateRender) {","            local.assetsDict['/'] = local.templateRender(","                local.assetsDict['/assets.index.template.html'],","                {","                    env: local.objectSetDefault(local.env, {","                        npm_package_description: 'the greatest app in the world!',","                        npm_package_name: 'my-app',","                        npm_package_nameAlias: 'my_app',","                        npm_package_version: '0.0.1'","                    })","                }","            );","        } else {","            local.assetsDict['/'] = local.assetsDict['/assets.index.template.html']","                .replace((/\\{\\{env\\.(\\w+?)\\}\\}/g), function (match0, match1) {","                    // jslint-hack","                    String(match0);","                    switch (match1) {","                    case 'npm_package_description':","                        return 'the greatest app in the world!';","                    case 'npm_package_name':","                        return 'my-app';","                    case 'npm_package_nameAlias':","                        return 'my_app';","                    case 'npm_package_version':","                        return '0.0.1';","                    }","                });","        }","        // run the cli","        if (local.global.utility2_rollup || module !== require.main) {","            break;","        }","        local.assetsDict['/assets.example.js'] =","            local.assetsDict['/assets.example.js'] ||","            local.fs.readFileSync(__filename, 'utf8');","        // bug-workaround - long $npm_package_buildCustomOrg","        /* jslint-ignore-begin */","        local.assetsDict['/assets.npmtest_react_slick.rollup.js'] =","            local.assetsDict['/assets.npmtest_react_slick.rollup.js'] ||","            local.fs.readFileSync(","                local.npmtest_react_slick.__dirname + '/lib.npmtest_react_slick.js',","                'utf8'","            ).replace((/^#!/), '//');","        /* jslint-ignore-end */","        local.assetsDict['/favicon.ico'] = local.assetsDict['/favicon.ico'] || '';","        // if $npm_config_timeout_exit exists,","        // then exit this process after $npm_config_timeout_exit ms","        if (Number(process.env.npm_config_timeout_exit)) {","            setTimeout(process.exit, Number(process.env.npm_config_timeout_exit));","        }","        // start server","        if (local.global.utility2_serverHttp1) {","            break;","        }","        process.env.PORT = process.env.PORT || '8081';","        console.error('server starting on port ' + process.env.PORT);","        local.http.createServer(function (request, response) {","            request.urlParsed = local.url.parse(request.url);","            if (local.assetsDict[request.urlParsed.pathname] !== undefined) {","                response.end(local.assetsDict[request.urlParsed.pathname]);","                return;","            }","            response.statusCode = 404;","            response.end();","        }).listen(process.env.PORT);","        break;","    }","}());",""],"l":{"26":2,"28":2,"33":2,"35":2,"37":2,"38":2,"39":2,"44":1,"51":2,"55":2,"59":2,"61":2,"69":1,"70":2,"76":2,"79":2,"82":2,"83":2,"85":1,"89":2,"92":1,"93":1,"94":1,"96":1,"97":1,"100":1,"101":1,"103":1,"106":1,"108":2,"114":1,"116":1,"118":1,"123":1,"124":2,"125":2,"126":3,"127":3,"128":3,"129":3,"130":1,"133":3,"134":3,"139":3,"143":1,"144":3,"145":1,"149":1,"150":1,"158":1,"160":1,"161":1,"162":1,"164":1,"166":1,"258":1,"259":1,"271":1,"274":6,"275":6,"277":1,"279":2,"281":1,"283":2,"288":1,"289":1,"291":1,"296":1,"303":1,"306":1,"307":1,"310":1,"311":1,"313":1,"314":1,"315":1,"316":1,"317":1,"318":1,"319":1,"321":1,"322":1,"324":1}},"/home/travis/build/npmtest/node-npmtest-react-slick/node_modules/react-slick/lib/index.js":{"path":"/home/travis/build/npmtest/node-npmtest-react-slick/node_modules/react-slick/lib/index.js","s":{"1":1},"b":{},"f":{},"fnMap":{},"statementMap":{"1":{"start":{"line":3,"column":0},"end":{"line":3,"column":37}}},"branchMap":{},"code":["'use strict';","","module.exports = require('./slider');"],"l":{"3":1}},"/home/travis/build/npmtest/node-npmtest-react-slick/node_modules/react-slick/lib/slider.js":{"path":"/home/travis/build/npmtest/node-npmtest-react-slick/node_modules/react-slick/lib/slider.js","s":{"1":1,"2":1,"3":0,"4":0,"5":0,"6":0,"7":0,"8":0,"9":1,"10":1,"11":1,"12":1,"13":1,"14":1,"15":1,"16":1,"17":1,"18":1,"19":1,"20":1,"21":5,"22":1,"23":0,"24":0,"25":1,"26":0,"27":0,"28":0,"29":1,"30":1,"31":0,"32":1,"33":1,"34":1,"35":1,"36":1,"37":1,"38":1,"39":0,"40":0,"41":0,"42":0,"43":0,"44":0,"45":1,"46":0,"47":1,"48":0,"49":0,"50":1,"51":0,"52":0,"53":0,"54":0,"55":0,"56":0,"57":0,"58":0,"59":0,"60":0,"61":0,"62":0,"63":0,"64":0,"65":0,"66":0,"67":1,"68":0,"69":0,"70":1,"71":0,"72":1,"73":0,"74":1,"75":0,"76":1,"77":0,"78":0,"79":0,"80":0,"81":0,"82":0,"83":0,"84":0,"85":0,"86":0,"87":0,"88":0,"89":0,"90":0,"91":0,"92":0,"93":1,"94":1},"b":{"1":[1,0],"2":[0,0],"3":[0,5],"4":[5,4],"5":[0,0],"6":[0,0],"7":[0,0],"8":[0,0,0],"9":[0,1],"10":[1,0],"11":[1,1],"12":[1,0],"13":[1,0],"14":[1,0],"15":[0,0],"16":[0,0],"17":[0,0],"18":[0,0],"19":[0,0],"20":[0,0],"21":[0,0],"22":[0,0]},"f":{"1":0,"2":5,"3":0,"4":0,"5":1,"6":1,"7":0,"8":0,"9":0,"10":0,"11":0,"12":0,"13":0,"14":0,"15":0,"16":0,"17":0,"18":0,"19":0,"20":0,"21":0,"22":0,"23":0},"fnMap":{"1":{"name":"(anonymous_1)","line":5,"loc":{"start":{"line":5,"column":32},"end":{"line":5,"column":50}}},"2":{"name":"_interopRequireDefault","line":29,"loc":{"start":{"line":29,"column":0},"end":{"line":29,"column":37}}},"3":{"name":"_classCallCheck","line":31,"loc":{"start":{"line":31,"column":0},"end":{"line":31,"column":48}}},"4":{"name":"_possibleConstructorReturn","line":33,"loc":{"start":{"line":33,"column":0},"end":{"line":33,"column":48}}},"5":{"name":"_inherits","line":35,"loc":{"start":{"line":35,"column":0},"end":{"line":35,"column":41}}},"6":{"name":"(anonymous_6)","line":39,"loc":{"start":{"line":39,"column":13},"end":{"line":39,"column":41}}},"7":{"name":"Slider","line":42,"loc":{"start":{"line":42,"column":2},"end":{"line":42,"column":25}}},"8":{"name":"innerSliderRefHandler","line":55,"loc":{"start":{"line":55,"column":43},"end":{"line":55,"column":79}}},"9":{"name":"media","line":59,"loc":{"start":{"line":59,"column":27},"end":{"line":59,"column":58}}},"10":{"name":"componentWillMount","line":64,"loc":{"start":{"line":64,"column":40},"end":{"line":64,"column":70}}},"11":{"name":"(anonymous_11)","line":68,"loc":{"start":{"line":68,"column":50},"end":{"line":68,"column":69}}},"12":{"name":"(anonymous_12)","line":71,"loc":{"start":{"line":71,"column":23},"end":{"line":71,"column":39}}},"13":{"name":"(anonymous_13)","line":75,"loc":{"start":{"line":75,"column":26},"end":{"line":75,"column":55}}},"14":{"name":"(anonymous_14)","line":82,"loc":{"start":{"line":82,"column":52},"end":{"line":82,"column":64}}},"15":{"name":"(anonymous_15)","line":90,"loc":{"start":{"line":90,"column":47},"end":{"line":90,"column":59}}},"16":{"name":"componentWillUnmount","line":96,"loc":{"start":{"line":96,"column":42},"end":{"line":96,"column":74}}},"17":{"name":"(anonymous_17)","line":97,"loc":{"start":{"line":97,"column":42},"end":{"line":97,"column":57}}},"18":{"name":"slickPrev","line":102,"loc":{"start":{"line":102,"column":31},"end":{"line":102,"column":52}}},"19":{"name":"slickNext","line":106,"loc":{"start":{"line":106,"column":31},"end":{"line":106,"column":52}}},"20":{"name":"slickGoTo","line":110,"loc":{"start":{"line":110,"column":31},"end":{"line":110,"column":57}}},"21":{"name":"render","line":114,"loc":{"start":{"line":114,"column":28},"end":{"line":114,"column":46}}},"22":{"name":"(anonymous_22)","line":120,"loc":{"start":{"line":120,"column":46},"end":{"line":120,"column":62}}},"23":{"name":"(anonymous_23)","line":134,"loc":{"start":{"line":134,"column":31},"end":{"line":134,"column":48}}}},"statementMap":{"1":{"start":{"line":3,"column":0},"end":{"line":3,"column":26}},"2":{"start":{"line":5,"column":0},"end":{"line":5,"column":257}},"3":{"start":{"line":5,"column":52},"end":{"line":5,"column":239}},"4":{"start":{"line":5,"column":97},"end":{"line":5,"column":123}},"5":{"start":{"line":5,"column":124},"end":{"line":5,"column":237}},"6":{"start":{"line":5,"column":150},"end":{"line":5,"column":235}},"7":{"start":{"line":5,"column":207},"end":{"line":5,"column":233}},"8":{"start":{"line":5,"column":240},"end":{"line":5,"column":254}},"9":{"start":{"line":7,"column":0},"end":{"line":7,"column":30}},"10":{"start":{"line":9,"column":0},"end":{"line":9,"column":45}},"11":{"start":{"line":11,"column":0},"end":{"line":11,"column":45}},"12":{"start":{"line":13,"column":0},"end":{"line":13,"column":45}},"13":{"start":{"line":15,"column":0},"end":{"line":15,"column":59}},"14":{"start":{"line":17,"column":0},"end":{"line":17,"column":34}},"15":{"start":{"line":19,"column":0},"end":{"line":19,"column":49}},"16":{"start":{"line":21,"column":0},"end":{"line":21,"column":47}},"17":{"start":{"line":23,"column":0},"end":{"line":23,"column":59}},"18":{"start":{"line":25,"column":0},"end":{"line":25,"column":40}},"19":{"start":{"line":27,"column":0},"end":{"line":27,"column":53}},"20":{"start":{"line":29,"column":0},"end":{"line":29,"column":95}},"21":{"start":{"line":29,"column":39},"end":{"line":29,"column":93}},"22":{"start":{"line":31,"column":0},"end":{"line":31,"column":153}},"23":{"start":{"line":31,"column":50},"end":{"line":31,"column":151}},"24":{"start":{"line":31,"column":92},"end":{"line":31,"column":149}},"25":{"start":{"line":33,"column":0},"end":{"line":33,"column":240}},"26":{"start":{"line":33,"column":50},"end":{"line":33,"column":151}},"27":{"start":{"line":33,"column":63},"end":{"line":33,"column":149}},"28":{"start":{"line":33,"column":152},"end":{"line":33,"column":238}},"29":{"start":{"line":35,"column":0},"end":{"line":35,"column":494}},"30":{"start":{"line":35,"column":43},"end":{"line":35,"column":208}},"31":{"start":{"line":35,"column":106},"end":{"line":35,"column":206}},"32":{"start":{"line":35,"column":209},"end":{"line":35,"column":373}},"33":{"start":{"line":35,"column":374},"end":{"line":35,"column":492}},"34":{"start":{"line":35,"column":390},"end":{"line":35,"column":492}},"35":{"start":{"line":37,"column":0},"end":{"line":37,"column":59}},"36":{"start":{"line":39,"column":0},"end":{"line":155,"column":29}},"37":{"start":{"line":40,"column":2},"end":{"line":40,"column":38}},"38":{"start":{"line":42,"column":2},"end":{"line":53,"column":3}},"39":{"start":{"line":43,"column":4},"end":{"line":43,"column":34}},"40":{"start":{"line":45,"column":4},"end":{"line":45,"column":85}},"41":{"start":{"line":47,"column":4},"end":{"line":49,"column":6}},"42":{"start":{"line":50,"column":4},"end":{"line":50,"column":40}},"43":{"start":{"line":51,"column":4},"end":{"line":51,"column":74}},"44":{"start":{"line":52,"column":4},"end":{"line":52,"column":17}},"45":{"start":{"line":55,"column":2},"end":{"line":57,"column":4}},"46":{"start":{"line":56,"column":4},"end":{"line":56,"column":27}},"47":{"start":{"line":59,"column":2},"end":{"line":62,"column":4}},"48":{"start":{"line":60,"column":4},"end":{"line":60,"column":37}},"49":{"start":{"line":61,"column":4},"end":{"line":61,"column":75}},"50":{"start":{"line":64,"column":2},"end":{"line":94,"column":4}},"51":{"start":{"line":65,"column":4},"end":{"line":65,"column":22}},"52":{"start":{"line":67,"column":4},"end":{"line":93,"column":5}},"53":{"start":{"line":68,"column":6},"end":{"line":70,"column":9}},"54":{"start":{"line":69,"column":8},"end":{"line":69,"column":34}},"55":{"start":{"line":71,"column":6},"end":{"line":73,"column":9}},"56":{"start":{"line":72,"column":8},"end":{"line":72,"column":21}},"57":{"start":{"line":75,"column":6},"end":{"line":85,"column":9}},"58":{"start":{"line":76,"column":8},"end":{"line":76,"column":19}},"59":{"start":{"line":77,"column":8},"end":{"line":81,"column":9}},"60":{"start":{"line":78,"column":10},"end":{"line":78,"column":81}},"61":{"start":{"line":80,"column":10},"end":{"line":80,"column":102}},"62":{"start":{"line":82,"column":8},"end":{"line":84,"column":11}},"63":{"start":{"line":83,"column":10},"end":{"line":83,"column":54}},"64":{"start":{"line":88,"column":6},"end":{"line":88,"column":81}},"65":{"start":{"line":90,"column":6},"end":{"line":92,"column":9}},"66":{"start":{"line":91,"column":8},"end":{"line":91,"column":46}},"67":{"start":{"line":96,"column":2},"end":{"line":100,"column":4}},"68":{"start":{"line":97,"column":4},"end":{"line":99,"column":7}},"69":{"start":{"line":98,"column":6},"end":{"line":98,"column":49}},"70":{"start":{"line":102,"column":2},"end":{"line":104,"column":4}},"71":{"start":{"line":103,"column":4},"end":{"line":103,"column":33}},"72":{"start":{"line":106,"column":2},"end":{"line":108,"column":4}},"73":{"start":{"line":107,"column":4},"end":{"line":107,"column":33}},"74":{"start":{"line":110,"column":2},"end":{"line":112,"column":4}},"75":{"start":{"line":111,"column":4},"end":{"line":111,"column":38}},"76":{"start":{"line":114,"column":2},"end":{"line":152,"column":4}},"77":{"start":{"line":115,"column":4},"end":{"line":115,"column":22}},"78":{"start":{"line":117,"column":4},"end":{"line":117,"column":17}},"79":{"start":{"line":118,"column":4},"end":{"line":118,"column":17}},"80":{"start":{"line":119,"column":4},"end":{"line":126,"column":5}},"81":{"start":{"line":120,"column":6},"end":{"line":122,"column":9}},"82":{"start":{"line":121,"column":8},"end":{"line":121,"column":59}},"83":{"start":{"line":123,"column":6},"end":{"line":123,"column":132}},"84":{"start":{"line":125,"column":6},"end":{"line":125,"column":85}},"85":{"start":{"line":128,"column":4},"end":{"line":128,"column":39}},"86":{"start":{"line":129,"column":4},"end":{"line":131,"column":5}},"87":{"start":{"line":130,"column":6},"end":{"line":130,"column":28}},"88":{"start":{"line":134,"column":4},"end":{"line":136,"column":7}},"89":{"start":{"line":135,"column":6},"end":{"line":135,"column":21}},"90":{"start":{"line":138,"column":4},"end":{"line":151,"column":5}},"91":{"start":{"line":140,"column":6},"end":{"line":144,"column":8}},"92":{"start":{"line":146,"column":6},"end":{"line":150,"column":8}},"93":{"start":{"line":154,"column":2},"end":{"line":154,"column":16}},"94":{"start":{"line":157,"column":0},"end":{"line":157,"column":25}}},"branchMap":{"1":{"line":5,"type":"binary-expr","locations":[{"start":{"line":5,"column":15},"end":{"line":5,"column":28}},{"start":{"line":5,"column":32},"end":{"line":5,"column":256}}]},"2":{"line":5,"type":"if","locations":[{"start":{"line":5,"column":150},"end":{"line":5,"column":150}},{"start":{"line":5,"column":150},"end":{"line":5,"column":150}}]},"3":{"line":29,"type":"cond-expr","locations":[{"start":{"line":29,"column":70},"end":{"line":29,"column":73}},{"start":{"line":29,"column":76},"end":{"line":29,"column":92}}]},"4":{"line":29,"type":"binary-expr","locations":[{"start":{"line":29,"column":46},"end":{"line":29,"column":49}},{"start":{"line":29,"column":53},"end":{"line":29,"column":67}}]},"5":{"line":31,"type":"if","locations":[{"start":{"line":31,"column":50},"end":{"line":31,"column":50}},{"start":{"line":31,"column":50},"end":{"line":31,"column":50}}]},"6":{"line":33,"type":"if","locations":[{"start":{"line":33,"column":50},"end":{"line":33,"column":50}},{"start":{"line":33,"column":50},"end":{"line":33,"column":50}}]},"7":{"line":33,"type":"cond-expr","locations":[{"start":{"line":33,"column":226},"end":{"line":33,"column":230}},{"start":{"line":33,"column":233},"end":{"line":33,"column":237}}]},"8":{"line":33,"type":"binary-expr","locations":[{"start":{"line":33,"column":159},"end":{"line":33,"column":163}},{"start":{"line":33,"column":168},"end":{"line":33,"column":192}},{"start":{"line":33,"column":196},"end":{"line":33,"column":222}}]},"9":{"line":35,"type":"if","locations":[{"start":{"line":35,"column":43},"end":{"line":35,"column":43}},{"start":{"line":35,"column":43},"end":{"line":35,"column":43}}]},"10":{"line":35,"type":"binary-expr","locations":[{"start":{"line":35,"column":47},"end":{"line":35,"column":79}},{"start":{"line":35,"column":83},"end":{"line":35,"column":102}}]},"11":{"line":35,"type":"binary-expr","locations":[{"start":{"line":35,"column":244},"end":{"line":35,"column":254}},{"start":{"line":35,"column":258},"end":{"line":35,"column":278}}]},"12":{"line":35,"type":"if","locations":[{"start":{"line":35,"column":374},"end":{"line":35,"column":374}},{"start":{"line":35,"column":374},"end":{"line":35,"column":374}}]},"13":{"line":35,"type":"cond-expr","locations":[{"start":{"line":35,"column":414},"end":{"line":35,"column":457}},{"start":{"line":35,"column":460},"end":{"line":35,"column":491}}]},"14":{"line":37,"type":"binary-expr","locations":[{"start":{"line":37,"column":14},"end":{"line":37,"column":33}},{"start":{"line":37,"column":37},"end":{"line":37,"column":58}}]},"15":{"line":67,"type":"if","locations":[{"start":{"line":67,"column":4},"end":{"line":67,"column":4}},{"start":{"line":67,"column":4},"end":{"line":67,"column":4}}]},"16":{"line":77,"type":"if","locations":[{"start":{"line":77,"column":8},"end":{"line":77,"column":8}},{"start":{"line":77,"column":8},"end":{"line":77,"column":8}}]},"17":{"line":82,"type":"binary-expr","locations":[{"start":{"line":82,"column":8},"end":{"line":82,"column":27}},{"start":{"line":82,"column":31},"end":{"line":84,"column":10}}]},"18":{"line":90,"type":"binary-expr","locations":[{"start":{"line":90,"column":6},"end":{"line":90,"column":25}},{"start":{"line":90,"column":29},"end":{"line":92,"column":8}}]},"19":{"line":119,"type":"if","locations":[{"start":{"line":119,"column":4},"end":{"line":119,"column":4}},{"start":{"line":119,"column":4},"end":{"line":119,"column":4}}]},"20":{"line":123,"type":"cond-expr","locations":[{"start":{"line":123,"column":54},"end":{"line":123,"column":63}},{"start":{"line":123,"column":66},"end":{"line":123,"column":131}}]},"21":{"line":129,"type":"if","locations":[{"start":{"line":129,"column":4},"end":{"line":129,"column":4}},{"start":{"line":129,"column":4},"end":{"line":129,"column":4}}]},"22":{"line":138,"type":"if","locations":[{"start":{"line":138,"column":4},"end":{"line":138,"column":4}},{"start":{"line":138,"column":4},"end":{"line":138,"column":4}}]}},"code":["'use strict';","","exports.__esModule = true;","","var _extends = Object.assign || function (target) { for (var i = 1; i < arguments.length; i++) { var source = arguments[i]; for (var key in source) { if (Object.prototype.hasOwnProperty.call(source, key)) { target[key] = source[key]; } } } return target; };","","var _react = require('react');","","var _react2 = _interopRequireDefault(_react);","","var _innerSlider = require('./inner-slider');","","var _objectAssign = require('object-assign');","","var _objectAssign2 = _interopRequireDefault(_objectAssign);","","var _json2mq = require('json2mq');","","var _json2mq2 = _interopRequireDefault(_json2mq);","","var _defaultProps = require('./default-props');","","var _defaultProps2 = _interopRequireDefault(_defaultProps);","","var _canUseDom = require('can-use-dom');","","var _canUseDom2 = _interopRequireDefault(_canUseDom);","","function _interopRequireDefault(obj) { return obj && obj.__esModule ? obj : { default: obj }; }","","function _classCallCheck(instance, Constructor) { if (!(instance instanceof Constructor)) { throw new TypeError(\"Cannot call a class as a function\"); } }","","function _possibleConstructorReturn(self, call) { if (!self) { throw new ReferenceError(\"this hasn't been initialised - super() hasn't been called\"); } return call && (typeof call === \"object\" || typeof call === \"function\") ? call : self; }","","function _inherits(subClass, superClass) { if (typeof superClass !== \"function\" && superClass !== null) { throw new TypeError(\"Super expression must either be null or a function, not \" + typeof superClass); } subClass.prototype = Object.create(superClass && superClass.prototype, { constructor: { value: subClass, enumerable: false, writable: true, configurable: true } }); if (superClass) Object.setPrototypeOf ? Object.setPrototypeOf(subClass, superClass) : subClass.__proto__ = superClass; }","","var enquire = _canUseDom2.default && require('enquire.js');","","var Slider = function (_React$Component) {","  _inherits(Slider, _React$Component);","","  function Slider(props) {","    _classCallCheck(this, Slider);","","    var _this = _possibleConstructorReturn(this, _React$Component.call(this, props));","","    _this.state = {","      breakpoint: null","    };","    _this._responsiveMediaHandlers = [];","    _this.innerSliderRefHandler = _this.innerSliderRefHandler.bind(_this);","    return _this;","  }","","  Slider.prototype.innerSliderRefHandler = function innerSliderRefHandler(ref) {","    this.innerSlider = ref;","  };","","  Slider.prototype.media = function media(query, handler) {","    enquire.register(query, handler);","    this._responsiveMediaHandlers.push({ query: query, handler: handler });","  };","","  Slider.prototype.componentWillMount = function componentWillMount() {","    var _this2 = this;","","    if (this.props.responsive) {","      var breakpoints = this.props.responsive.map(function (breakpt) {","        return breakpt.breakpoint;","      });","      breakpoints.sort(function (x, y) {","        return x - y;","      });","","      breakpoints.forEach(function (breakpoint, index) {","        var bQuery;","        if (index === 0) {","          bQuery = (0, _json2mq2.default)({ minWidth: 0, maxWidth: breakpoint });","        } else {","          bQuery = (0, _json2mq2.default)({ minWidth: breakpoints[index - 1], maxWidth: breakpoint });","        }","        _canUseDom2.default && _this2.media(bQuery, function () {","          _this2.setState({ breakpoint: breakpoint });","        });","      });","","      // Register media query for full screen. Need to support resize from small to large","      var query = (0, _json2mq2.default)({ minWidth: breakpoints.slice(-1)[0] });","","      _canUseDom2.default && this.media(query, function () {","        _this2.setState({ breakpoint: null });","      });","    }","  };","","  Slider.prototype.componentWillUnmount = function componentWillUnmount() {","    this._responsiveMediaHandlers.forEach(function (obj) {","      enquire.unregister(obj.query, obj.handler);","    });","  };","","  Slider.prototype.slickPrev = function slickPrev() {","    this.innerSlider.slickPrev();","  };","","  Slider.prototype.slickNext = function slickNext() {","    this.innerSlider.slickNext();","  };","","  Slider.prototype.slickGoTo = function slickGoTo(slide) {","    this.innerSlider.slickGoTo(slide);","  };","","  Slider.prototype.render = function render() {","    var _this3 = this;","","    var settings;","    var newProps;","    if (this.state.breakpoint) {","      newProps = this.props.responsive.filter(function (resp) {","        return resp.breakpoint === _this3.state.breakpoint;","      });","      settings = newProps[0].settings === 'unslick' ? 'unslick' : (0, _objectAssign2.default)({}, this.props, newProps[0].settings);","    } else {","      settings = (0, _objectAssign2.default)({}, _defaultProps2.default, this.props);","    }","","    var children = this.props.children;","    if (!Array.isArray(children)) {","      children = [children];","    }","","    // Children may contain false or null, so we should filter them","    children = children.filter(function (child) {","      return !!child;","    });","","    if (settings === 'unslick') {","      // if 'unslick' responsive breakpoint setting used, just return the <Slider> tag nested HTML","      return _react2.default.createElement(","        'div',","        null,","        children","      );","    } else {","      return _react2.default.createElement(","        _innerSlider.InnerSlider,","        _extends({ ref: this.innerSliderRefHandler }, settings),","        children","      );","    }","  };","","  return Slider;","}(_react2.default.Component);","","exports.default = Slider;"],"l":{"3":1,"5":1,"7":1,"9":1,"11":1,"13":1,"15":1,"17":1,"19":1,"21":1,"23":1,"25":1,"27":1,"29":5,"31":1,"33":1,"35":1,"37":1,"39":1,"40":1,"42":1,"43":0,"45":0,"47":0,"50":0,"51":0,"52":0,"55":1,"56":0,"59":1,"60":0,"61":0,"64":1,"65":0,"67":0,"68":0,"69":0,"71":0,"72":0,"75":0,"76":0,"77":0,"78":0,"80":0,"82":0,"83":0,"88":0,"90":0,"91":0,"96":1,"97":0,"98":0,"102":1,"103":0,"106":1,"107":0,"110":1,"111":0,"114":1,"115":0,"117":0,"118":0,"119":0,"120":0,"121":0,"123":0,"125":0,"128":0,"129":0,"130":0,"134":0,"135":0,"138":0,"140":0,"146":0,"154":1,"157":1}},"/home/travis/build/npmtest/node-npmtest-react-slick/node_modules/react-slick/lib/inner-slider.js":{"path":"/home/travis/build/npmtest/node-npmtest-react-slick/node_modules/react-slick/lib/inner-slider.js","s":{"1":1,"2":1,"3":1,"4":0,"5":0,"6":0,"7":0,"8":0,"9":0,"10":1,"11":1,"12":1,"13":1,"14":1,"15":1,"16":1,"17":1,"18":1,"19":1,"20":1,"21":1,"22":1,"23":1,"24":1,"25":1,"26":1,"27":1,"28":1,"29":1,"30":8,"31":1,"32":0,"33":0,"34":0,"35":1,"36":0,"37":0,"38":0,"39":0,"40":0,"41":0,"42":0,"43":0,"44":0,"45":0,"46":0,"47":0,"48":0,"49":0,"50":0,"51":0,"52":0,"53":0,"54":0,"55":0,"56":0,"57":0,"58":0,"59":0,"60":0,"61":0,"62":0,"63":0,"64":0,"65":0,"66":0,"67":0,"68":0,"69":0,"70":0,"71":0,"72":0,"73":0,"74":0,"75":0,"76":0,"77":0,"78":0,"79":0,"80":0,"81":0,"82":0,"83":0,"84":0,"85":0,"86":0,"87":0,"88":0,"89":0,"90":0,"91":0,"92":0,"93":0,"94":0,"95":0,"96":0},"b":{"1":[1,0],"2":[0,0],"3":[2,6],"4":[8,8],"5":[0,0],"6":[0,0],"7":[0,0],"8":[0,0],"9":[0,0],"10":[0,0],"11":[0,0],"12":[0,0],"13":[0,0],"14":[0,0],"15":[0,0],"16":[0,0],"17":[0,0],"18":[0,0],"19":[0,0],"20":[0,0],"21":[0,0],"22":[0,0],"23":[0,0],"24":[0,0],"25":[0,0],"26":[0,0],"27":[0,0],"28":[0,0],"29":[0,0],"30":[0,0],"31":[0,0]},"f":{"1":0,"2":8,"3":0,"4":0,"5":0,"6":1,"7":0,"8":0,"9":0,"10":0,"11":0,"12":0,"13":0,"14":0,"15":0,"16":0},"fnMap":{"1":{"name":"(anonymous_1)","line":6,"loc":{"start":{"line":6,"column":32},"end":{"line":6,"column":50}}},"2":{"name":"_interopRequireDefault","line":46,"loc":{"start":{"line":46,"column":0},"end":{"line":46,"column":37}}},"3":{"name":"listRefHandler","line":52,"loc":{"start":{"line":52,"column":18},"end":{"line":52,"column":47}}},"4":{"name":"trackRefHandler","line":55,"loc":{"start":{"line":55,"column":19},"end":{"line":55,"column":49}}},"5":{"name":"getInitialState","line":58,"loc":{"start":{"line":58,"column":19},"end":{"line":58,"column":46}}},"6":{"name":"getDefaultProps","line":63,"loc":{"start":{"line":63,"column":19},"end":{"line":63,"column":46}}},"7":{"name":"componentWillMount","line":66,"loc":{"start":{"line":66,"column":22},"end":{"line":66,"column":52}}},"8":{"name":"componentDidMount","line":86,"loc":{"start":{"line":86,"column":21},"end":{"line":86,"column":50}}},"9":{"name":"componentWillUnmount","line":101,"loc":{"start":{"line":101,"column":24},"end":{"line":101,"column":56}}},"10":{"name":"componentWillReceiveProps","line":114,"loc":{"start":{"line":114,"column":29},"end":{"line":114,"column":75}}},"11":{"name":"componentDidUpdate","line":135,"loc":{"start":{"line":135,"column":22},"end":{"line":135,"column":52}}},"12":{"name":"onWindowResized","line":138,"loc":{"start":{"line":138,"column":19},"end":{"line":138,"column":46}}},"13":{"name":"slickPrev","line":147,"loc":{"start":{"line":147,"column":13},"end":{"line":147,"column":34}}},"14":{"name":"slickNext","line":150,"loc":{"start":{"line":150,"column":13},"end":{"line":150,"column":34}}},"15":{"name":"slickGoTo","line":153,"loc":{"start":{"line":153,"column":13},"end":{"line":153,"column":39}}},"16":{"name":"render","line":160,"loc":{"start":{"line":160,"column":10},"end":{"line":160,"column":28}}}},"statementMap":{"1":{"start":{"line":3,"column":0},"end":{"line":3,"column":26}},"2":{"start":{"line":4,"column":0},"end":{"line":4,"column":32}},"3":{"start":{"line":6,"column":0},"end":{"line":6,"column":257}},"4":{"start":{"line":6,"column":52},"end":{"line":6,"column":239}},"5":{"start":{"line":6,"column":97},"end":{"line":6,"column":123}},"6":{"start":{"line":6,"column":124},"end":{"line":6,"column":237}},"7":{"start":{"line":6,"column":150},"end":{"line":6,"column":235}},"8":{"start":{"line":6,"column":207},"end":{"line":6,"column":233}},"9":{"start":{"line":6,"column":240},"end":{"line":6,"column":254}},"10":{"start":{"line":8,"column":0},"end":{"line":8,"column":30}},"11":{"start":{"line":10,"column":0},"end":{"line":10,"column":45}},"12":{"start":{"line":12,"column":0},"end":{"line":12,"column":56}},"13":{"start":{"line":14,"column":0},"end":{"line":14,"column":61}},"14":{"start":{"line":16,"column":0},"end":{"line":16,"column":43}},"15":{"start":{"line":18,"column":0},"end":{"line":18,"column":49}},"16":{"start":{"line":20,"column":0},"end":{"line":20,"column":47}},"17":{"start":{"line":22,"column":0},"end":{"line":22,"column":59}},"18":{"start":{"line":24,"column":0},"end":{"line":24,"column":47}},"19":{"start":{"line":26,"column":0},"end":{"line":26,"column":59}},"20":{"start":{"line":28,"column":0},"end":{"line":28,"column":54}},"21":{"start":{"line":30,"column":0},"end":{"line":30,"column":67}},"22":{"start":{"line":32,"column":0},"end":{"line":32,"column":40}},"23":{"start":{"line":34,"column":0},"end":{"line":34,"column":55}},"24":{"start":{"line":36,"column":0},"end":{"line":36,"column":45}},"25":{"start":{"line":38,"column":0},"end":{"line":38,"column":59}},"26":{"start":{"line":40,"column":0},"end":{"line":40,"column":32}},"27":{"start":{"line":42,"column":0},"end":{"line":42,"column":30}},"28":{"start":{"line":44,"column":0},"end":{"line":44,"column":34}},"29":{"start":{"line":46,"column":0},"end":{"line":46,"column":95}},"30":{"start":{"line":46,"column":39},"end":{"line":46,"column":93}},"31":{"start":{"line":48,"column":0},"end":{"line":279,"column":3}},"32":{"start":{"line":53,"column":4},"end":{"line":53,"column":20}},"33":{"start":{"line":56,"column":4},"end":{"line":56,"column":21}},"34":{"start":{"line":59,"column":4},"end":{"line":61,"column":7}},"35":{"start":{"line":64,"column":4},"end":{"line":64,"column":34}},"36":{"start":{"line":67,"column":4},"end":{"line":69,"column":5}},"37":{"start":{"line":68,"column":6},"end":{"line":68,"column":24}},"38":{"start":{"line":70,"column":4},"end":{"line":72,"column":7}},"39":{"start":{"line":73,"column":4},"end":{"line":73,"column":28}},"40":{"start":{"line":74,"column":4},"end":{"line":78,"column":5}},"41":{"start":{"line":75,"column":6},"end":{"line":77,"column":7}},"42":{"start":{"line":76,"column":8},"end":{"line":76,"column":31}},"43":{"start":{"line":80,"column":4},"end":{"line":84,"column":5}},"44":{"start":{"line":81,"column":6},"end":{"line":83,"column":9}},"45":{"start":{"line":88,"column":4},"end":{"line":88,"column":32}},"46":{"start":{"line":89,"column":4},"end":{"line":89,"column":23}},"47":{"start":{"line":92,"column":4},"end":{"line":94,"column":5}},"48":{"start":{"line":93,"column":6},"end":{"line":93,"column":13}},"49":{"start":{"line":95,"column":4},"end":{"line":99,"column":5}},"50":{"start":{"line":96,"column":6},"end":{"line":96,"column":62}},"51":{"start":{"line":98,"column":6},"end":{"line":98,"column":59}},"52":{"start":{"line":102,"column":4},"end":{"line":104,"column":5}},"53":{"start":{"line":103,"column":6},"end":{"line":103,"column":46}},"54":{"start":{"line":105,"column":4},"end":{"line":109,"column":5}},"55":{"start":{"line":106,"column":6},"end":{"line":106,"column":65}},"56":{"start":{"line":108,"column":6},"end":{"line":108,"column":59}},"57":{"start":{"line":110,"column":4},"end":{"line":112,"column":5}},"58":{"start":{"line":111,"column":6},"end":{"line":111,"column":46}},"59":{"start":{"line":115,"column":4},"end":{"line":133,"column":5}},"60":{"start":{"line":116,"column":6},"end":{"line":118,"column":7}},"61":{"start":{"line":117,"column":8},"end":{"line":117,"column":155}},"62":{"start":{"line":119,"column":6},"end":{"line":123,"column":9}},"63":{"start":{"line":124,"column":11},"end":{"line":133,"column":5}},"64":{"start":{"line":125,"column":6},"end":{"line":125,"column":29}},"65":{"start":{"line":126,"column":6},"end":{"line":130,"column":9}},"66":{"start":{"line":132,"column":6},"end":{"line":132,"column":29}},"67":{"start":{"line":136,"column":4},"end":{"line":136,"column":23}},"68":{"start":{"line":139,"column":4},"end":{"line":139,"column":28}},"69":{"start":{"line":141,"column":4},"end":{"line":143,"column":7}},"70":{"start":{"line":144,"column":4},"end":{"line":144,"column":44}},"71":{"start":{"line":145,"column":4},"end":{"line":145,"column":37}},"72":{"start":{"line":148,"column":4},"end":{"line":148,"column":46}},"73":{"start":{"line":151,"column":4},"end":{"line":151,"column":42}},"74":{"start":{"line":154,"column":4},"end":{"line":158,"column":7}},"75":{"start":{"line":161,"column":4},"end":{"line":163,"column":7}},"76":{"start":{"line":165,"column":4},"end":{"line":182,"column":6}},"77":{"start":{"line":184,"column":4},"end":{"line":184,"column":13}},"78":{"start":{"line":186,"column":4},"end":{"line":199,"column":5}},"79":{"start":{"line":187,"column":6},"end":{"line":196,"column":8}},"80":{"start":{"line":198,"column":6},"end":{"line":198,"column":65}},"81":{"start":{"line":201,"column":4},"end":{"line":201,"column":29}},"82":{"start":{"line":203,"column":4},"end":{"line":212,"column":6}},"83":{"start":{"line":214,"column":4},"end":{"line":217,"column":5}},"84":{"start":{"line":215,"column":6},"end":{"line":215,"column":79}},"85":{"start":{"line":216,"column":6},"end":{"line":
[...]
;","","    // Apply join & split to Array to pre-fill it for IE8","    //","    // Credit: http://stackoverflow.com/a/13735425/1849458","    var dots = Array.apply(null, Array(dotCount + 1).join('0').split('')).map(function (x, i) {","","      var leftBound = i * _this2.props.slidesToScroll;","      var rightBound = i * _this2.props.slidesToScroll + (_this2.props.slidesToScroll - 1);","      var className = (0, _classnames2.default)({","        'slick-active': _this2.props.currentSlide >= leftBound && _this2.props.currentSlide <= rightBound","      });","","      var dotOptions = {","        message: 'dots',","        index: i,","        slidesToScroll: _this2.props.slidesToScroll,","        currentSlide: _this2.props.currentSlide","      };","","      var onClick = _this2.clickHandler.bind(_this2, dotOptions);","","      return _react2.default.createElement(","        'li',","        { key: i, className: className },","        _react2.default.cloneElement(_this2.props.customPaging(i), { onClick: onClick })","      );","    });","","    return _react2.default.createElement(","      'ul',","      { className: this.props.dotsClass, style: { display: 'block' } },","      dots","    );","  };","","  return Dots;","}(_react2.default.Component);"],"l":{"3":1,"4":1,"6":1,"8":1,"10":1,"12":1,"14":2,"16":1,"18":1,"20":1,"22":1,"23":0,"24":0,"25":0,"28":1,"29":1,"31":1,"32":0,"34":0,"37":1,"40":0,"41":0,"44":1,"45":0,"47":0,"55":0,"57":0,"58":0,"59":0,"63":0,"70":0,"72":0,"79":0,"86":1}},"/home/travis/build/npmtest/node-npmtest-react-slick/node_modules/react-slick/lib/arrows.js":{"path":"/home/travis/build/npmtest/node-npmtest-react-slick/node_modules/react-slick/lib/arrows.js","s":{"1":1,"2":1,"3":1,"4":0,"5":0,"6":0,"7":0,"8":0,"9":0,"10":1,"11":1,"12":1,"13":1,"14":1,"15":1,"16":1,"17":3,"18":1,"19":0,"20":0,"21":1,"22":0,"23":0,"24":0,"25":1,"26":2,"27":0,"28":2,"29":2,"30":2,"31":1,"32":1,"33":1,"34":0,"35":0,"36":1,"37":0,"38":0,"39":0,"40":1,"41":0,"42":0,"43":0,"44":0,"45":0,"46":0,"47":0,"48":0,"49":0,"50":0,"51":0,"52":0,"53":1,"54":1,"55":1,"56":1,"57":0,"58":0,"59":1,"60":0,"61":0,"62":0,"63":1,"64":0,"65":0,"66":0,"67":0,"68":0,"69":0,"70":0,"71":0,"72":0,"73":0,"74":0,"75":0,"76":1},"b":{"1":[1,0],"2":[0,0],"3":[1,2],"4":[3,3],"5":[0,0],"6":[0,0],"7":[0,0],"8":[0,0,0],"9":[0,2],"10":[2,0],"11":[2,2],"12":[2,0],"13":[2,0],"14":[0,0],"15":[0,0],"16":[0,0,0],"17":[0,0],"18":[0,0],"19":[0,0],"20":[0,0]},"f":{"1":0,"2":3,"3":0,"4":0,"5":2,"6":1,"7":0,"8":0,"9":0,"10":1,"11":0,"12":0,"13":0},"fnMap":{"1":{"name":"(anonymous_1)","line":6,"loc":{"start":{"line":6,"column":32},"end":{"line":6,"column":50}}},"2":{"name":"_interopRequireDefault","line":20,"loc":{"start":{"line":20,"column":0},"end":{"line":20,"column":37}}},"3":{"name":"_classCallCheck","line":22,"loc":{"start":{"line":22,"column":0},"end":{"line":22,"column":48}}},"4":{"name":"_possibleConstructorReturn","line":24,"loc":{"start":{"line":24,"column":0},"end":{"line":24,"column":48}}},"5":{"name":"_inherits","line":26,"loc":{"start":{"line":26,"column":0},"end":{"line":26,"column":41}}},"6":{"name":"(anonymous_6)","line":28,"loc":{"start":{"line":28,"column":36},"end":{"line":28,"column":64}}},"7":{"name":"PrevArrow","line":31,"loc":{"start":{"line":31,"column":2},"end":{"line":31,"column":23}}},"8":{"name":"clickHandler","line":37,"loc":{"start":{"line":37,"column":37},"end":{"line":37,"column":71}}},"9":{"name":"render","line":44,"loc":{"start":{"line":44,"column":31},"end":{"line":44,"column":49}}},"10":{"name":"(anonymous_10)","line":82,"loc":{"start":{"line":82,"column":36},"end":{"line":82,"column":65}}},"11":{"name":"NextArrow","line":85,"loc":{"start":{"line":85,"column":2},"end":{"line":85,"column":23}}},"12":{"name":"clickHandler","line":91,"loc":{"start":{"line":91,"column":37},"end":{"line":91,"column":71}}},"13":{"name":"render","line":98,"loc":{"start":{"line":98,"column":31},"end":{"line":98,"column":49}}}},"statementMap":{"1":{"start":{"line":3,"column":0},"end":{"line":3,"column":26}},"2":{"start":{"line":4,"column":0},"end":{"line":4,"column":50}},"3":{"start":{"line":6,"column":0},"end":{"line":6,"column":257}},"4":{"start":{"line":6,"column":52},"end":{"line":6,"column":239}},"5":{"start":{"line":6,"column":97},"end":{"line":6,"column":123}},"6":{"start":{"line":6,"column":124},"end":{"line":6,"column":237}},"7":{"start":{"line":6,"column":150},"end":{"line":6,"column":235}},"8":{"start":{"line":6,"column":207},"end":{"line":6,"column":233}},"9":{"start":{"line":6,"column":240},"end":{"line":6,"column":254}},"10":{"start":{"line":8,"column":0},"end":{"line":8,"column":30}},"11":{"start":{"line":10,"column":0},"end":{"line":10,"column":45}},"12":{"start":{"line":12,"column":0},"end":{"line":12,"column":40}},"13":{"start":{"line":14,"column":0},"end":{"line":14,"column":55}},"14":{"start":{"line":16,"column":0},"end":{"line":16,"column":43}},"15":{"start":{"line":18,"column":0},"end":{"line":18,"column":49}},"16":{"start":{"line":20,"column":0},"end":{"line":20,"column":95}},"17":{"start":{"line":20,"column":39},"end":{"line":20,"column":93}},"18":{"start":{"line":22,"column":0},"end":{"line":22,"column":153}},"19":{"start":{"line":22,"column":50},"end":{"line":22,"column":151}},"20":{"start":{"line":22,"column":92},"end":{"line":22,"column":149}},"21":{"start":{"line":24,"column":0},"end":{"line":24,"column":240}},"22":{"start":{"line":24,"column":50},"end":{"line":24,"column":151}},"23":{"start":{"line":24,"column":63},"end":{"line":24,"column":149}},"24":{"start":{"line":24,"column":152},"end":{"line":24,"column":238}},"25":{"start":{"line":26,"column":0},"end":{"line":26,"column":494}},"26":{"start":{"line":26,"column":43},"end":{"line":26,"column":208}},"27":{"start":{"line":26,"column":106},"end":{"line":26,"column":206}},"28":{"start":{"line":26,"column":209},"end":{"line":26,"column":373}},"29":{"start":{"line":26,"column":374},"end":{"line":26,"column":492}},"30":{"start":{"line":26,"column":390},"end":{"line":26,"column":492}},"31":{"start":{"line":28,"column":0},"end":{"line":80,"column":29}},"32":{"start":{"line":29,"column":2},"end":{"line":29,"column":41}},"33":{"start":{"line":31,"column":2},"end":{"line":35,"column":3}},"34":{"start":{"line":32,"column":4},"end":{"line":32,"column":37}},"35":{"start":{"line":34,"column":4},"end":{"line":34,"column":85}},"36":{"start":{"line":37,"column":2},"end":{"line":42,"column":4}},"37":{"start":{"line":38,"column":4},"end":{"line":40,"column":5}},"38":{"start":{"line":39,"column":6},"end":{"line":39,"column":25}},"39":{"start":{"line":41,"column":4},"end":{"line":41,"column":40}},"40":{"start":{"line":44,"column":2},"end":{"line":77,"column":4}},"41":{"start":{"line":45,"column":4},"end":{"line":45,"column":66}},"42":{"start":{"line":46,"column":4},"end":{"line":46,"column":76}},"43":{"start":{"line":48,"column":4},"end":{"line":51,"column":5}},"44":{"start":{"line":49,"column":6},"end":{"line":49,"column":43}},"45":{"start":{"line":50,"column":6},"end":{"line":50,"column":25}},"46":{"start":{"line":53,"column":4},"end":{"line":59,"column":6}},"47":{"start":{"line":60,"column":4},"end":{"line":63,"column":6}},"48":{"start":{"line":64,"column":4},"end":{"line":64,"column":18}},"49":{"start":{"line":66,"column":4},"end":{"line":74,"column":5}},"50":{"start":{"line":67,"column":6},"end":{"line":67,"column":112}},"51":{"start":{"line":69,"column":6},"end":{"line":73,"column":8}},"52":{"start":{"line":76,"column":4},"end":{"line":76,"column":21}},"53":{"start":{"line":79,"column":2},"end":{"line":79,"column":19}},"54":{"start":{"line":82,"column":0},"end":{"line":134,"column":29}},"55":{"start":{"line":83,"column":2},"end":{"line":83,"column":42}},"56":{"start":{"line":85,"column":2},"end":{"line":89,"column":3}},"57":{"start":{"line":86,"column":4},"end":{"line":86,"column":37}},"58":{"start":{"line":88,"column":4},"end":{"line":88,"column":86}},"59":{"start":{"line":91,"column":2},"end":{"line":96,"column":4}},"60":{"start":{"line":92,"column":4},"end":{"line":94,"column":5}},"61":{"start":{"line":93,"column":6},"end":{"line":93,"column":25}},"62":{"start":{"line":95,"column":4},"end":{"line":95,"column":40}},"63":{"start":{"line":98,"column":2},"end":{"line":131,"column":4}},"64":{"start":{"line":99,"column":4},"end":{"line":99,"column":66}},"65":{"start":{"line":100,"column":4},"end":{"line":100,"column":72}},"66":{"start":{"line":102,"column":4},"end":{"line":105,"column":5}},"67":{"start":{"line":103,"column":6},"end":{"line":103,"column":43}},"68":{"start":{"line":104,"column":6},"end":{"line":104,"column":25}},"69":{"start":{"line":107,"column":4},"end":{"line":113,"column":6}},"70":{"start":{"line":114,"column":4},"end":{"line":117,"column":6}},"71":{"start":{"line":118,"column":4},"end":{"line":118,"column":18}},"72":{"start":{"line":120,"column":4},"end":{"line":128,"column":5}},"73":{"start":{"line":121,"column":6},"end":{"line":121,"column":112}},"74":{"start":{"line":123,"column":6},"end":{"line":127,"column":8}},"75":{"start":{"line":130,"column":4},"end":{"line":130,"column":21}},"76":{"start":{"line":133,"column":2},"end":{"line":133,"column":19}}},"branchMap":{"1":{"line":6,"type":"binary-expr","locations":[{"start":{"line":6,"column":15},"end":{"line":6,"column":28}},{"start":{"line":6,"column":32},"end":{"line":6,"column":256}}]},"2":{"line":6,"type":"if","locations":[{"start":{"line":6,"column":150},"end":{"line":6,"column":150}},{"start":{"line":6,"column":150},"end":{"line":6,"column":150}}]},"3":{"line":20,"type":"cond-expr","locations":[{"start":{"line":20,"column":70},"end":{"line":20,"column":73}},{"start":{"line":20,"column":76},"end":{"line":20,"column":92}}]},"4":{"line":20,"type":"binary-expr","locations":[{"start":{"line":20,"column":46},"end":{"line":20,"column":49}},{"start":{"line":20,"column":53},"end":{"line":20,"column":67}}]},"5":{"line":22,"type":"if","locations":[{"start":{"line":22,"column":50},"end":{"line":22,"column":50}},{"start":{"line":22,"column":50},"end":{"line":22,"column":50}}]},"6":{"line":24,"type":"if","locations":[{"start":{"line":24,"column":50},"end":{"line":24,"column":50}},{"start":{"line":24,"column":50},"end":{"line":24,"column":50}}]},"7":{"line":24,"type":"cond-expr","locations":[{"start":{"line":24,"column":226},"end":{"line":24,"column":230}},{"start":{"line":24,"column":233},"end":{"line":24,"column":237}}]},"8":{"line":24,"type":"binary-expr","locations":[{"start":{"line":24,"column":159},"end":{"line":24,"column":163}},{"start":{"line":24,"column":168},"end":{"line":24,"column":192}},{"start":{"line":24,"column":196},"end":{"line":24,"column":222}}]},"9":{"line":26,"type":"if","locations":[{"start":{"line":26,"column":43},"end":{"line":26,"column":43}},{"start":{"line":26,"column":43},"end":{"line":26,"column":43}}]},"10":{"line":26,"type":"binary-expr","locations":[{"start":{"line":26,"column":47},"end":{"line":26,"column":79}},{"start":{"line":26,"column":83},"end":{"line":26,"column":102}}]},"11":{"line":26,"type":"binary-expr","locations":[{"start":{"line":26,"column":244},"end":{"line":26,"column":254}},{"start":{"line":26,"column":258},"end":{"line":26,"column":278}}]},"12":{"line":26,"type":"if","locations":[{"start":{"line":26,"column":374},"end":{"line":26,"column":374}},{"start":{"line":26,"column":374},"end":{"line":26,"column":374}}]},"13":{"line":26,"type":"cond-expr","locations":[{"start":{"line":26,"column":414},"end":{"line":26,"column":457}},{"start":{"line":26,"column":460},"end":{"line":26,"column":491}}]},"14":{"line":38,"type":"if","locations":[{"start":{"line":38,"column":4},"end":{"line":38,"column":4}},{"start":{"line":38,"column":4},"end":{"line":38,"column":4}}]},"15":{"line":48,"type":"if","locations":[{"start":{"line":48,"column":4},"end":{"line":48,"column":4}},{"start":{"line":48,"column":4},"end":{"line":48,"column":4}}]},"16":{"line":48,"type":"binary-expr","locations":[{"start":{"line":48,"column":8},"end":{"line":48,"column":28}},{"start":{"line":48,"column":33},"end":{"line":48,"column":62}},{"start":{"line":48,"column":66},"end":{"line":48,"column":114}}]},"17":{"line":66,"type":"if","locations":[{"start":{"line":66,"column":4},"end":{"line":66,"column":4}},{"start":{"line":66,"column":4},"end":{"line":66,"column":4}}]},"18":{"line":92,"type":"if","locations":[{"start":{"line":92,"column":4},"end":{"line":92,"column":4}},{"start":{"line":92,"column":4},"end":{"line":92,"column":4}}]},"19":{"line":102,"type":"if","locations":[{"start":{"line":102,"column":4},"end":{"line":102,"column":4}},{"start":{"line":102,"column":4},"end":{"line":102,"column":4}}]},"20":{"line":120,"type":"if","locations":[{"start":{"line":120,"column":4},"end":{"line":120,"column":4}},{"start":{"line":120,"column":4},"end":{"line":120,"column":4}}]}},"code":["'use strict';","","exports.__esModule = true;","exports.NextArrow = exports.PrevArrow = undefined;","","var _extends = Object.assign || function (target) { for (var i = 1; i < arguments.length; i++) { var source = arguments[i]; for (var key in source) { if (Object.prototype.hasOwnProperty.call(source, key)) { target[key] = source[key]; } } } return target; };","","var _react = require('react');","","var _react2 = _interopRequireDefault(_react);","","var _classnames = require('classnames');","","var _classnames2 = _interopRequireDefault(_classnames);","","var _helpers = require('./mixins/helpers');","","var _helpers2 = _interopRequireDefault(_helpers);","","function _interopRequireDefault(obj) { return obj && obj.__esModule ? obj : { default: obj }; }","","function _classCallCheck(instance, Constructor) { if (!(instance instanceof Constructor)) { throw new TypeError(\"Cannot call a class as a function\"); } }","","function _possibleConstructorReturn(self, call) { if (!self) { throw new ReferenceError(\"this hasn't been initialised - super() hasn't been called\"); } return call && (typeof call === \"object\" || typeof call === \"function\") ? call : self; }","","function _inherits(subClass, superClass) { if (typeof superClass !== \"function\" && superClass !== null) { throw new TypeError(\"Super expression must either be null or a function, not \" + typeof superClass); } subClass.prototype = Object.create(superClass && superClass.prototype, { constructor: { value: subClass, enumerable: false, writable: true, configurable: true } }); if (superClass) Object.setPrototypeOf ? Object.setPrototypeOf(subClass, superClass) : subClass.__proto__ = superClass; }","","var PrevArrow = exports.PrevArrow = function (_React$Component) {","  _inherits(PrevArrow, _React$Component);","","  function PrevArrow() {","    _classCallCheck(this, PrevArrow);","","    return _possibleConstructorReturn(this, _React$Component.apply(this, arguments));","  }","","  PrevArrow.prototype.clickHandler = function clickHandler(options, e) {","    if (e) {","      e.preventDefault();","    }","    this.props.clickHandler(options, e);","  };","","  PrevArrow.prototype.render = function render() {","    var prevClasses = { 'slick-arrow': true, 'slick-prev': true };","    var prevHandler = this.clickHandler.bind(this, { message: 'previous' });","","    if (!this.props.infinite && (this.props.currentSlide === 0 || this.props.slideCount <= this.props.slidesToShow)) {","      prevClasses['slick-disabled'] = true;","      prevHandler = null;","    }","","    var prevArrowProps = {","      key: '0',","      'data-role': 'none',","      className: (0, _classnames2.default)(prevClasses),","      style: { display: 'block' },","      onClick: prevHandler","    };","    var customProps = {","      currentSlide: this.props.currentSlide,","      slideCount: this.props.slideCount","    };","    var prevArrow;","","    if (this.props.prevArrow) {","      prevArrow = _react2.default.cloneElement(this.props.prevArrow, _extends({}, prevArrowProps, customProps));","    } else {","      prevArrow = _react2.default.createElement(","        'button',","        _extends({ key: '0', type: 'button' }, prevArrowProps),","        ' Previous'","      );","    }","","    return prevArrow;","  };","","  return PrevArrow;","}(_react2.default.Component);","","var NextArrow = exports.NextArrow = function (_React$Component2) {","  _inherits(NextArrow, _React$Component2);","","  function NextArrow() {","    _classCallCheck(this, NextArrow);","","    return _possibleConstructorReturn(this, _React$Component2.apply(this, arguments));","  }","","  NextArrow.prototype.clickHandler = function clickHandler(options, e) {","    if (e) {","      e.preventDefault();","    }","    this.props.clickHandler(options, e);","  };","","  NextArrow.prototype.render = function render() {","    var nextClasses = { 'slick-arrow': true, 'slick-next': true };","    var nextHandler = this.clickHandler.bind(this, { message: 'next' });","","    if (!_helpers2.default.canGoNext(this.props)) {","      nextClasses['slick-disabled'] = true;","      nextHandler = null;","    }","","    var nextArrowProps = {","      key: '1',","      'data-role': 'none',","      className: (0, _classnames2.default)(nextClasses),","      style: { display: 'block' },","      onClick: nextHandler","    };","    var customProps = {","      currentSlide: this.props.currentSlide,","      slideCount: this.props.slideCount","    };","    var nextArrow;","","    if (this.props.nextArrow) {","      nextArrow = _react2.default.cloneElement(this.props.nextArrow, _extends({}, nextArrowProps, customProps));","    } else {","      nextArrow = _react2.default.createElement(","        'button',","        _extends({ key: '1', type: 'button' }, nextArrowProps),","        ' Next'","      );","    }","","    return nextArrow;","  };","","  return NextArrow;","}(_react2.default.Component);"],"l":{"3":1,"4":1,"6":1,"8":1,"10":1,"12":1,"14":1,"16":1,"18":1,"20":3,"22":1,"24":1,"26":2,"28":1,"29":1,"31":1,"32":0,"34":0,"37":1,"38":0,"39":0,"41":0,"44":1,"45":0,"46":0,"48":0,"49":0,"50":0,"53":0,"60":0,"64":0,"66":0,"67":0,"69":0,"76":0,"79":1,"82":1,"83":1,"85":1,"86":0,"88":0,"91":1,"92":0,"93":0,"95":0,"98":1,"99":0,"100":0,"102":0,"103":0,"104":0,"107":0,"114":0,"118":0,"120":0,"121":0,"123":0,"130":0,"133":1}},"/home/travis/build/npmtest/node-npmtest-react-slick/node_modules/react-slick/src/index.js":{"path":"/home/travis/build/npmtest/node-npmtest-react-slick/node_modules/react-slick/src/index.js","s":{"1":2},"b":{},"f":{},"fnMap":{},"statementMap":{"1":{"start":{"line":1,"column":0},"end":{"line":1,"column":37}}},"branchMap":{},"code":["module.exports = require('./slider');",""],"l":{"1":2}},"/home/travis/build/npmtest/node-npmtest-react-slick/node_modules/react-slick/src/initial-state.js":{"path":"/home/travis/build/npmtest/node-npmtest-react-slick/node_modules/react-slick/src/initial-state.js","s":{"1":1,"2":1},"b":{},"f":{},"fnMap":{},"statementMap":{"1":{"start":{"line":1,"column":0},"end":{"line":42,"column":2}},"2":{"start":{"line":44,"column":0},"end":{"line":44,"column":30}}},"branchMap":{},"code":["var initialState = {","    animating: false,","    dragging: false,","    autoPlayTimer: null,","    currentDirection: 0,","    currentLeft: null,","    currentSlide: 0,","    direction: 1,","    listWidth: null,","    listHeight: null,","    // loadIndex: 0,","    slideCount: null,","    slideWidth: null,","    slideHeight: null,","    // sliding: false,","    // slideOffset: 0,","    swipeLeft: null,","    touchObject: {","      startX: 0,","      startY: 0,","      curX: 0,","      curY: 0","    },","","    lazyLoadedList: [],","","    // added for react","    initialized: false,","    edgeDragged: false,","    swiped: false, // used by swipeEvent. differentites between touch and swipe.","    trackStyle: {},","    trackWidth: 0","","    // Removed","    // transformsEnabled: false,","    // $nextArrow: null,","    // $prevArrow: null,","    // $dots: null,","    // $list: null,","    // $slideTrack: null,","    // $slides: null,","};","","module.exports = initialState;",""],"l":{"1":1,"44":1}}}